#
# A fatal error has been detected by the Java Runtime Environment:
#
#  SIGSEGV (0xb) at pc=0x0000000122705027, pid=99177, tid=0x0000000000011307
#
# JRE version: Java(TM) SE Runtime Environment (8.0_191-b12) (build 1.8.0_191-b12)
# Java VM: Java HotSpot(TM) 64-Bit Server VM (25.191-b12 mixed mode bsd-amd64 compressed oops)
# Problematic frame:
# C  [libawt_lwawt.dylib+0x1c027]  OGLSD_SetScratchSurface+0x49
#
# Failed to write core dump. Core dumps have been disabled. To enable core dumping, try "ulimit -c unlimited" before starting Java again
#
# If you would like to submit a bug report, please visit:
#   http://bugreport.java.com/bugreport/crash.jsp
# The crash happened outside the Java Virtual Machine in native code.
# See problematic frame for where to report the bug.
#

---------------  T H R E A D  ---------------

Current thread (0x00007fc16db06000):  JavaThread "Java2D Queue Flusher" daemon [_thread_in_native, id=70407, stack(0x0000700003a32000,0x0000700003b32000)]

siginfo: si_signo: 11 (SIGSEGV), si_code: 1 (SEGV_MAPERR), si_addr: 0x0000000000000002

Registers:
RAX=0x00000000ffffffff, RBX=0x0000000000000002, RCX=0x0000000000000047, RDX=0x0000000122726b14
RSP=0x0000700003b316e0, RBP=0x0000700003b31700, RSI=0x00007fc16b6517d0, RDI=0x00007fc16db061f8
R8 =0x00007fc16b649248, R9 =0xffffffff00000000, R10=0x000000011096e63b, R11=0x00000001048e8607
R12=0x0000000000000000, R13=0x000000010f1fb128, R14=0x00007fc16db061f8, R15=0x00007fc16db06000
RIP=0x0000000122705027, EFLAGS=0x0000000000010202, ERR=0x0000000000000004
  TRAPNO=0x000000000000000e

Top of Stack: (sp=0x0000700003b316e0)
0x0000700003b316e0:   00007fc16b6517d0 0000000000000000
0x0000700003b316f0:   00007fc16db06e10 00007fc16db06000
0x0000700003b31700:   0000700003b31780 00000001227265f2
0x0000700003b31710:   00007fc16db06000 000000020f1fed68
0x0000700003b31720:   0000000000000000 000000016d0e220a
0x0000700003b31730:   0000000000000064 00007fc16db06000
0x0000700003b31740:   0000000000000bad 00007fc16db06e20
0x0000700003b31750:   00007fc100b06000 00007fc16db061f8
0x0000700003b31760:   000000010f1fb128 0000000000000000
0x0000700003b31770:   0000700003b31830 00007fc16db06000
0x0000700003b31780:   0000700003b317f8 000000011096e667
0x0000700003b31790:   000000010ee50b90 0000000000000000
0x0000700003b317a0:   000000010ee4f0e0 0000000000000000
0x0000700003b317b0:   0000700003b317d0 0000700003b317b8
0x0000700003b317c0:   0000000000000000 0000700003b31830
0x0000700003b317d0:   000000010f1fc1c0 0000000000000000
0x0000700003b317e0:   000000010f1fb128 0000000000000000
0x0000700003b317f0:   0000700003b31818 0000700003b31878
0x0000700003b31800:   000000011095e2bd 0000000000000000
0x0000700003b31810:   0000000110967d18 0000000000000020
0x0000700003b31820:   00007fc16db06e00 000000076f5a02d8
0x0000700003b31830:   000000076f5a02c0 0000700003b31838
0x0000700003b31840:   000000010f1fb1d5 0000700003b31890
0x0000700003b31850:   000000010f1fc1c0 0000000000000000
0x0000700003b31860:   000000010f1fb1f8 0000700003b31818
0x0000700003b31870:   0000700003b31890 0000700003b318d8
0x0000700003b31880:   000000011095e2bd 0000000000000020
0x0000700003b31890:   000000076f5a02c0 0000700003b31898
0x0000700003b318a0:   000000010f1fb3b1 0000700003b318e8
0x0000700003b318b0:   000000010f1fc1c0 0000000000000000
0x0000700003b318c0:   000000010f1fb3c0 0000700003b31890
0x0000700003b318d0:   0000700003b318e8 0000700003b31940 

Instructions: (pc=0x0000000122705027)
0x0000000122705007:   c0 e9 82 00 00 00 48 8b 5e 10 48 85 db 75 0e bf
0x0000000122705017:   01 00 00 00 48 8d 15 a8 96 03 00 eb d6 49 89 fe
0x0000000122705027:   4c 8b 3b 30 c0 e8 ff bc 02 00 49 8b 3f 49 89 c4
0x0000000122705037:   48 8b 35 02 29 06 00 30 c0 e8 0b be 02 00 48 85 

Register to memory mapping:

RAX=0x00000000ffffffff is an unknown value
RBX=0x0000000000000002 is an unknown value
RCX=0x0000000000000047 is an unknown value
RDX=0x0000000122726b14: Java_sun_java2d_opengl_OGLRenderQueue_flushBuffer+0xb5c in /Library/Java/JavaVirtualMachines/jdk1.8.0_191.jdk/Contents/Home/jre/lib/libawt_lwawt.dylib at 0x00000001226e9000
RSP=0x0000700003b316e0 is pointing into the stack for thread: 0x00007fc16db06000
RBP=0x0000700003b31700 is pointing into the stack for thread: 0x00007fc16db06000
RSI=0x00007fc16b6517d0 is an unknown value
RDI=0x00007fc16db061f8 is an unknown value
R8 =0x00007fc16b649248 is an unknown value
R9 =0xffffffff00000000 is an unknown value
R10=0x000000011096e63b is at code_begin+859 in an Interpreter codelet
method entry point (kind = native)  [0x000000011096e2e0, 0x000000011096ec40]  2400 bytes
R11=0x00000001048e8607: throw_unsatisfied_link_error+0 in /Library/Java/JavaVirtualMachines/jdk1.8.0_191.jdk/Contents/Home/jre/lib/server/libjvm.dylib at 0x0000000104400000
R12=0x0000000000000000 is an unknown value
R13={method} {0x000000010f1fb128} 'flushBuffer' '(JI)V' in 'sun/java2d/opengl/OGLRenderQueue'
R14=0x00007fc16db061f8 is an unknown value
R15=0x00007fc16db06000 is a thread


Stack: [0x0000700003a32000,0x0000700003b32000],  sp=0x0000700003b316e0,  free space=1021k
Native frames: (J=compiled Java code, j=interpreted, Vv=VM code, C=native code)
C  [libawt_lwawt.dylib+0x1c027]  OGLSD_SetScratchSurface+0x49
C  [libawt_lwawt.dylib+0x3d5f2]  Java_sun_java2d_opengl_OGLRenderQueue_flushBuffer+0x63a
j  sun.java2d.opengl.OGLRenderQueue.flushBuffer(JI)V+0
j  sun.java2d.opengl.OGLRenderQueue.flushBuffer()V+21
j  sun.java2d.opengl.OGLRenderQueue.access$100(Lsun/java2d/opengl/OGLRenderQueue;)V+1
j  sun.java2d.opengl.OGLRenderQueue$QueueFlusher.run()V+81
v  ~StubRoutines::call_stub
V  [libjvm.dylib+0x2ef9fe]
V  [libjvm.dylib+0x2f01a2]
V  [libjvm.dylib+0x2f034e]
V  [libjvm.dylib+0x34ac3d]
V  [libjvm.dylib+0x56f83f]
V  [libjvm.dylib+0x570f3a]
V  [libjvm.dylib+0x48e0be]
C  [libsystem_pthread.dylib+0x3661]  _pthread_body+0x154
C  [libsystem_pthread.dylib+0x350d]  _pthread_body+0x0
C  [libsystem_pthread.dylib+0x2bf9]  thread_start+0xd
C  0x0000000000000000

Java frames: (J=compiled Java code, j=interpreted, Vv=VM code)
j  sun.java2d.opengl.OGLRenderQueue.flushBuffer(JI)V+0
j  sun.java2d.opengl.OGLRenderQueue.flushBuffer()V+21
j  sun.java2d.opengl.OGLRenderQueue.access$100(Lsun/java2d/opengl/OGLRenderQueue;)V+1
j  sun.java2d.opengl.OGLRenderQueue$QueueFlusher.run()V+81
v  ~StubRoutines::call_stub

---------------  P R O C E S S  ---------------

Java Threads: ( => current thread )
  0x00007fc16a244800 JavaThread "AWT-Shutdown" [_thread_blocked, id=36135, stack(0x000070000330e000,0x000070000340e000)]
  0x00007fc16a1cb800 JavaThread "TimerQueue" daemon [_thread_blocked, id=64403, stack(0x0000700003d3b000,0x0000700003e3b000)]
  0x00007fc16db1d000 JavaThread "Java2D Disposer" daemon [_thread_blocked, id=56327, stack(0x0000700003b35000,0x0000700003c35000)]
=>0x00007fc16db06000 JavaThread "Java2D Queue Flusher" daemon [_thread_in_native, id=70407, stack(0x0000700003a32000,0x0000700003b32000)]
  0x00007fc16d9a7000 JavaThread "Thread-0" [_thread_blocked, id=78599, stack(0x000070000392f000,0x0000700003a2f000)]
  0x00007fc16c957000 JavaThread "AppKit Thread" daemon [_thread_in_native, id=775, stack(0x00007ffeec8a3000,0x00007ffeed0a3000)]
  0x00007fc16d854000 JavaThread "Service Thread" daemon [_thread_blocked, id=21763, stack(0x0000700003085000,0x0000700003185000)]
  0x00007fc16c000800 JavaThread "C1 CompilerThread3" daemon [_thread_blocked, id=17155, stack(0x0000700002f82000,0x0000700003082000)]
  0x00007fc16e002800 JavaThread "C2 CompilerThread2" daemon [_thread_blocked, id=16387, stack(0x0000700002e7f000,0x0000700002f7f000)]
  0x00007fc16e001800 JavaThread "C2 CompilerThread1" daemon [_thread_blocked, id=16131, stack(0x0000700002d7c000,0x0000700002e7c000)]
  0x00007fc16a040800 JavaThread "C2 CompilerThread0" daemon [_thread_blocked, id=17923, stack(0x0000700002c79000,0x0000700002d79000)]
  0x00007fc16a00c800 JavaThread "Signal Dispatcher" daemon [_thread_blocked, id=18187, stack(0x0000700002b76000,0x0000700002c76000)]
  0x00007fc16c806800 JavaThread "Finalizer" daemon [_thread_blocked, id=13571, stack(0x0000700002a73000,0x0000700002b73000)]
  0x00007fc16c805800 JavaThread "Reference Handler" daemon [_thread_blocked, id=13059, stack(0x0000700002970000,0x0000700002a70000)]
  0x00007fc16d001800 JavaThread "main" [_thread_blocked, id=10499, stack(0x0000700001d4c000,0x0000700001e4c000)]

Other Threads:
  0x00007fc16d836000 VMThread [stack: 0x000070000286d000,0x000070000296d000] [id=12803]
  0x00007fc16d810000 WatcherThread [stack: 0x0000700003188000,0x0000700003288000] [id=43267]

VM state:not at safepoint (normal execution)

VM Mutex/Monitor currently owned by a thread: None

Heap:
 PSYoungGen      total 76288K, used 4353K [0x000000076ab00000, 0x0000000770000000, 0x00000007c0000000)
  eden space 65536K, 3% used [0x000000076ab00000,0x000000076ad20788,0x000000076eb00000)
  from space 10752K, 20% used [0x000000076f580000,0x000000076f7a0020,0x0000000770000000)
  to   space 10752K, 0% used [0x000000076eb00000,0x000000076eb00000,0x000000076f580000)
 ParOldGen       total 175104K, used 24K [0x00000006c0000000, 0x00000006cab00000, 0x000000076ab00000)
  object space 175104K, 0% used [0x00000006c0000000,0x00000006c0006000,0x00000006cab00000)
 Metaspace       used 11322K, capacity 11648K, committed 11776K, reserved 1058816K
  class space    used 1405K, capacity 1502K, committed 1536K, reserved 1048576K

Card table byte_map: [0x00000001057bd000,0x0000000105fbe000] byte_map_base: 0x00000001021bd000

Marking Bits: (ParMarkBitMap*) 0x0000000104cf9e00
 Begin Bits: [0x0000000106514000, 0x000000010a514000)
 End Bits:   [0x000000010a514000, 0x000000010e514000)

Polling page: 0x0000000102bee000

CodeCache: size=245760Kb used=2985Kb max_used=2985Kb free=242774Kb
 bounds [0x0000000110956000, 0x0000000110c46000, 0x000000011f956000]
 total_blobs=1391 nmethods=869 adapters=436
 compilation: enabled

Compilation events (10 events):
Event: 5767.946 Thread 0x00007fc16c000800 nmethod 864 0x0000000110c3d210 code [0x0000000110c3d380, 0x0000000110c3d648]
Event: 5804.319 Thread 0x00007fc16c000800  865       3       java.util.IdentityHashMap$ValueIterator::next (12 bytes)
Event: 5804.320 Thread 0x00007fc16c000800 nmethod 865 0x0000000110c3d750 code [0x0000000110c3d8c0, 0x0000000110c3db08]
Event: 5804.320 Thread 0x00007fc16c000800  866       3       java.util.IdentityHashMap$IdentityHashMapIterator::nextIndex (72 bytes)
Event: 5804.320 Thread 0x00007fc16c000800 nmethod 866 0x0000000110c3dc10 code [0x0000000110c3ddc0, 0x0000000110c3e1a8]
Event: 5899.647 Thread 0x00007fc16c000800  867       3       java.util.HashMap::resize (359 bytes)
Event: 5899.651 Thread 0x00007fc16c000800 nmethod 867 0x0000000110c3e310 code [0x0000000110c3e560, 0x0000000110c3f7a8]
Event: 6099.091 Thread 0x00007fc16c000800  868       3       java.lang.ref.ReferenceQueue::remove (6 bytes)
Event: 6099.091 Thread 0x00007fc16c000800 nmethod 868 0x0000000110c3ff10 code [0x0000000110c40080, 0x0000000110c40288]
Event: 6099.091 Thread 0x00007fc16c000800  869   !   3       java.lang.ref.ReferenceQueue::remove (125 bytes)

GC Heap History (4 events):
Event: 5399.436 GC heap before
{Heap before GC invocations=1 (full 0):
 PSYoungGen      total 76288K, used 65536K [0x000000076ab00000, 0x0000000770000000, 0x00000007c0000000)
  eden space 65536K, 100% used [0x000000076ab00000,0x000000076eb00000,0x000000076eb00000)
  from space 10752K, 0% used [0x000000076f580000,0x000000076f580000,0x0000000770000000)
  to   space 10752K, 0% used [0x000000076eb00000,0x000000076eb00000,0x000000076f580000)
 ParOldGen       total 175104K, used 0K [0x00000006c0000000, 0x00000006cab00000, 0x000000076ab00000)
  object space 175104K, 0% used [0x00000006c0000000,0x00000006c0000000,0x00000006cab00000)
 Metaspace       used 11313K, capacity 11648K, committed 11776K, reserved 1058816K
  class space    used 1405K, capacity 1502K, committed 1536K, reserved 1048576K
Event: 5399.473 GC heap after
Heap after GC invocations=1 (full 0):
 PSYoungGen      total 76288K, used 3524K [0x000000076ab00000, 0x0000000770000000, 0x00000007c0000000)
  eden space 65536K, 0% used [0x000000076ab00000,0x000000076ab00000,0x000000076eb00000)
  from space 10752K, 32% used [0x000000076eb00000,0x000000076ee71378,0x000000076f580000)
  to   space 10752K, 0% used [0x000000076f580000,0x000000076f580000,0x0000000770000000)
 ParOldGen       total 175104K, used 16K [0x00000006c0000000, 0x00000006cab00000, 0x000000076ab00000)
  object space 175104K, 0% used [0x00000006c0000000,0x00000006c0004000,0x00000006cab00000)
 Metaspace       used 11313K, capacity 11648K, committed 11776K, reserved 1058816K
  class space    used 1405K, capacity 1502K, committed 1536K, reserved 1048576K
}
Event: 6099.065 GC heap before
{Heap before GC invocations=2 (full 0):
 PSYoungGen      total 76288K, used 69060K [0x000000076ab00000, 0x0000000770000000, 0x00000007c0000000)
  eden space 65536K, 100% used [0x000000076ab00000,0x000000076eb00000,0x000000076eb00000)
  from space 10752K, 32% used [0x000000076eb00000,0x000000076ee71378,0x000000076f580000)
  to   space 10752K, 0% used [0x000000076f580000,0x000000076f580000,0x0000000770000000)
 ParOldGen       total 175104K, used 16K [0x00000006c0000000, 0x00000006cab00000, 0x000000076ab00000)
  object space 175104K, 0% used [0x00000006c0000000,0x00000006c0004000,0x00000006cab00000)
 Metaspace       used 11321K, capacity 11648K, committed 11776K, reserved 1058816K
  class space    used 1405K, capacity 1502K, committed 1536K, reserved 1048576K
Event: 6099.076 GC heap after
Heap after GC invocations=2 (full 0):
 PSYoungGen      total 76288K, used 2176K [0x000000076ab00000, 0x0000000770000000, 0x00000007c0000000)
  eden space 65536K, 0% used [0x000000076ab00000,0x000000076ab00000,0x000000076eb00000)
  from space 10752K, 20% used [0x000000076f580000,0x000000076f7a0020,0x0000000770000000)
  to   space 10752K, 0% used [0x000000076eb00000,0x000000076eb00000,0x000000076f580000)
 ParOldGen       total 175104K, used 24K [0x00000006c0000000, 0x00000006cab00000, 0x000000076ab00000)
  object space 175104K, 0% used [0x00000006c0000000,0x00000006c0006000,0x00000006cab00000)
 Metaspace       used 11321K, capacity 11648K, committed 11776K, reserved 1058816K
  class space    used 1405K, capacity 1502K, committed 1536K, reserved 1048576K
}

Deoptimization events (10 events):
Event: 1.775 Thread 0x00007fc16d001800 Uncommon trap: reason=unstable_if action=reinterpret pc=0x0000000110b54900 method=java.lang.String.toLowerCase(Ljava/util/Locale;)Ljava/lang/String; @ 85
Event: 1.796 Thread 0x00007fc16d001800 Uncommon trap: reason=class_check action=maybe_recompile pc=0x0000000110ac2658 method=java.lang.String.equals(Ljava/lang/Object;)Z @ 8
Event: 1.797 Thread 0x00007fc16d001800 Uncommon trap: reason=class_check action=maybe_recompile pc=0x0000000110ac2658 method=java.lang.String.equals(Ljava/lang/Object;)Z @ 8
Event: 1.797 Thread 0x00007fc16d001800 Uncommon trap: reason=class_check action=maybe_recompile pc=0x0000000110ac2658 method=java.lang.String.equals(Ljava/lang/Object;)Z @ 8
Event: 1.797 Thread 0x00007fc16d001800 Uncommon trap: reason=class_check action=maybe_recompile pc=0x0000000110ac2658 method=java.lang.String.equals(Ljava/lang/Object;)Z @ 8
Event: 1.828 Thread 0x00007fc16d001800 Uncommon trap: reason=unstable_if action=reinterpret pc=0x0000000110b7ffc0 method=java.lang.String.replace(CC)Ljava/lang/String; @ 26
Event: 871.139 Thread 0x00007fc16c996000 Uncommon trap: reason=class_check action=maybe_recompile pc=0x0000000110bf41d8 method=java.util.concurrent.locks.AbstractQueuedSynchronizer.release(I)Z @ 2
Event: 871.140 Thread 0x00007fc16c996000 Uncommon trap: reason=class_check action=maybe_recompile pc=0x0000000110bf41d8 method=java.util.concurrent.locks.AbstractQueuedSynchronizer.release(I)Z @ 2
Event: 871.141 Thread 0x00007fc16c996000 Uncommon trap: reason=class_check action=maybe_recompile pc=0x0000000110bf41d8 method=java.util.concurrent.locks.AbstractQueuedSynchronizer.release(I)Z @ 2
Event: 871.141 Thread 0x00007fc16c996000 Uncommon trap: reason=class_check action=maybe_recompile pc=0x0000000110bf41d8 method=java.util.concurrent.locks.AbstractQueuedSynchronizer.release(I)Z @ 2

Classes redefined (0 events):
No events

Internal exceptions (10 events):
Event: 0.025 Thread 0x00007fc16d001800 Exception <a 'java/lang/NoSuchMethodError': Method sun.misc.Unsafe.prefetchRead(Ljava/lang/Object;J)V name or signature does not match> (0x000000076ab07f98) thrown at [/Users/java_re/workspace/8-2-build-macosx-x86_64/jdk8u191/11896/hotspot/src/share/vm/pr
Event: 0.084 Thread 0x00007fc16d001800 Exception <a 'java/security/PrivilegedActionException'> (0x000000076abb62d0) thrown at [/Users/java_re/workspace/8-2-build-macosx-x86_64/jdk8u191/11896/hotspot/src/share/vm/prims/jvm.cpp, line 1435]
Event: 0.084 Thread 0x00007fc16d001800 Exception <a 'java/security/PrivilegedActionException'> (0x000000076abb64e0) thrown at [/Users/java_re/workspace/8-2-build-macosx-x86_64/jdk8u191/11896/hotspot/src/share/vm/prims/jvm.cpp, line 1435]
Event: 0.084 Thread 0x00007fc16d001800 Exception <a 'java/security/PrivilegedActionException'> (0x000000076abb9810) thrown at [/Users/java_re/workspace/8-2-build-macosx-x86_64/jdk8u191/11896/hotspot/src/share/vm/prims/jvm.cpp, line 1435]
Event: 0.084 Thread 0x00007fc16d001800 Exception <a 'java/security/PrivilegedActionException'> (0x000000076abb9a20) thrown at [/Users/java_re/workspace/8-2-build-macosx-x86_64/jdk8u191/11896/hotspot/src/share/vm/prims/jvm.cpp, line 1435]
Event: 0.127 Thread 0x00007fc16d001800 Exception <a 'java/lang/NoSuchFieldError': method resolution failed> (0x000000076add1900) thrown at [/Users/java_re/workspace/8-2-build-macosx-x86_64/jdk8u191/11896/hotspot/src/share/vm/prims/methodHandles.cpp, line 1167]
Event: 0.128 Thread 0x00007fc16d001800 Exception <a 'java/lang/NoSuchFieldError': method resolution failed> (0x000000076addf0d0) thrown at [/Users/java_re/workspace/8-2-build-macosx-x86_64/jdk8u191/11896/hotspot/src/share/vm/prims/methodHandles.cpp, line 1167]
Event: 0.355 Thread 0x00007fc16d001800 Exception <a 'java/io/FileNotFoundException'> (0x000000076ae59980) thrown at [/Users/java_re/workspace/8-2-build-macosx-x86_64/jdk8u191/11896/hotspot/src/share/vm/prims/jni.cpp, line 709]
Event: 0.355 Thread 0x00007fc16d001800 Exception <a 'java/io/FileNotFoundException'> (0x000000076ae5a520) thrown at [/Users/java_re/workspace/8-2-build-macosx-x86_64/jdk8u191/11896/hotspot/src/share/vm/prims/jni.cpp, line 709]
Event: 1.867 Thread 0x00007fc16d001800 Exception <a 'java/io/FileNotFoundException'> (0x000000076b7bee50) thrown at [/Users/java_re/workspace/8-2-build-macosx-x86_64/jdk8u191/11896/hotspot/src/share/vm/prims/jni.cpp, line 709]

Events (10 events):
Event: 6096.874 Executing VM operation: RevokeBias
Event: 6096.874 Executing VM operation: RevokeBias done
Event: 6096.874 Thread 0x00007fc16a244800 Thread exited: 0x00007fc16a244800
Event: 6097.859 Thread 0x00007fc16a244800 Thread added: 0x00007fc16a244800
Event: 6099.065 Executing VM operation: ParallelGCFailedAllocation
Event: 6099.076 Executing VM operation: ParallelGCFailedAllocation done
Event: 6099.077 Executing VM operation: RevokeBias
Event: 6099.077 Executing VM operation: RevokeBias done
Event: 6099.077 Thread 0x00007fc16a244800 Thread exited: 0x00007fc16a244800
Event: 6099.085 Thread 0x00007fc16a244800 Thread added: 0x00007fc16a244800


Dynamic libraries:
0x00007fff2d6e3000 	/System/Library/Frameworks/Cocoa.framework/Versions/A/Cocoa
0x00007fff39cfe000 	/System/Library/Frameworks/Security.framework/Versions/A/Security
0x00007fff2c324000 	/System/Library/Frameworks/ApplicationServices.framework/Versions/A/ApplicationServices
0x00007fff55c35000 	/usr/lib/libz.1.dylib
0x00007fff53b66000 	/usr/lib/libSystem.B.dylib
0x00007fff5521f000 	/usr/lib/libobjc.A.dylib
0x00007fff2de96000 	/System/Library/Frameworks/CoreFoundation.framework/Versions/A/CoreFoundation
0x00007fff2fff8000 	/System/Library/Frameworks/Foundation.framework/Versions/C/Foundation
0x00007fff2b474000 	/System/Library/Frameworks/AppKit.framework/Versions/C/AppKit
0x00007fff2da5b000 	/System/Library/Frameworks/CoreData.framework/Versions/A/CoreData
0x00007fff4d41f000 	/System/Library/PrivateFrameworks/RemoteViewServices.framework/Versions/A/RemoteViewServices
0x00007fff51b98000 	/System/Library/PrivateFrameworks/UIFoundation.framework/Versions/A/UIFoundation
0x00007fff42213000 	/System/Library/PrivateFrameworks/DFRFoundation.framework/Versions/A/DFRFoundation
0x00007fff32664000 	/System/Library/Frameworks/Metal.framework/Versions/A/Metal
0x00007fff423b0000 	/System/Library/PrivateFrameworks/DesktopServicesPriv.framework/Versions/A/DesktopServicesPriv
0x00007fff5476c000 	/usr/lib/libenergytrace.dylib
0x00007fff4fc04000 	/System/Library/PrivateFrameworks/SkyLight.framework/Versions/A/SkyLight
0x00007fff2e339000 	/System/Library/Frameworks/CoreGraphics.framework/Versions/A/CoreGraphics
0x00007fff53b61000 	/usr/lib/libScreenReader.dylib
0x00007fff2a40e000 	/System/Library/Frameworks/Accelerate.framework/Versions/A/Accelerate
0x00007fff30772000 	/System/Library/Frameworks/IOSurface.framework/Versions/A/IOSurface
0x00007fff2c86e000 	/System/Library/Frameworks/AudioToolbox.framework/Versions/A/AudioToolbox
0x00007fff2cafe000 	/System/Library/Frameworks/AudioUnit.framework/Versions/A/AudioUnit
0x00007fff422ab000 	/System/Library/PrivateFrameworks/DataDetectorsCore.framework/Versions/A/DataDetectorsCore
0x00007fff2d1d6000 	/System/Library/Frameworks/Carbon.framework/Versions/A/Frameworks/HIToolbox.framework/Versions/A/HIToolbox
0x00007fff548c6000 	/usr/lib/libicucore.A.dylib
0x00007fff3927c000 	/System/Library/Frameworks/QuartzCore.framework/Versions/A/QuartzCore
0x00007fff4eea6000 	/System/Library/PrivateFrameworks/SignpostNotification.framework/Versions/A/SignpostNotification
0x00007fff2d5bc000 	/System/Library/Frameworks/Carbon.framework/Versions/A/Frameworks/SpeechRecognition.framework/Versions/A/SpeechRecognition
0x00007fff53cc2000 	/usr/lib/libauto.dylib
0x00007fff55b24000 	/usr/lib/libxml2.2.dylib
0x00007fff41e63000 	/System/Library/PrivateFrameworks/CoreUI.framework/Versions/A/CoreUI
0x00007fff2d937000 	/System/Library/Frameworks/CoreAudio.framework/Versions/A/CoreAudio
0x00007fff2fe32000 	/System/Library/Frameworks/DiskArbitration.framework/Versions/A/DiskArbitration
0x00007fff54b3a000 	/usr/lib/liblangid.dylib
0x00007fff4991e000 	/System/Library/PrivateFrameworks/MultitouchSupport.framework/Versions/A/MultitouchSupport
0x00007fff306d5000 	/System/Library/Frameworks/IOKit.framework/Versions/A/IOKit
0x00007fff537f0000 	/usr/lib/libDiagnosticMessagesClient.dylib
0x00007fff2f00f000 	/System/Library/Frameworks/CoreServices.framework/Versions/A/CoreServices
0x00007fff4b457000 	/System/Library/PrivateFrameworks/PerformanceAnalysis.framework/Versions/A/PerformanceAnalysis
0x00007fff3841e000 	/System/Library/Frameworks/OpenGL.framework/Versions/A/OpenGL
0x00007fff2d6f1000 	/System/Library/Frameworks/ColorSync.framework/Versions/A/ColorSync
0x00007fff2e94b000 	/System/Library/Frameworks/CoreImage.framework/Versions/A/CoreImage
0x00007fff2f9a0000 	/System/Library/Frameworks/CoreText.framework/Versions/A/CoreText
0x00007fff307d0000 	/System/Library/Frameworks/ImageIO.framework/Versions/A/ImageIO
0x00007fff3eb0f000 	/System/Library/PrivateFrameworks/Backup.framework/Versions/A/Backup
0x00007fff53c12000 	/usr/lib/libarchive.2.dylib
0x00007fff2ce21000 	/System/Library/Frameworks/CFNetwork.framework/Versions/A/CFNetwork
0x00007fff3a491000 	/System/Library/Frameworks/SystemConfiguration.framework/Versions/A/SystemConfiguration
0x00007fff53719000 	/usr/lib/libCRFSuite.dylib
0x00007fff53d9b000 	/usr/lib/libc++.1.dylib
0x00007fff53df2000 	/usr/lib/libc++abi.dylib
0x00007fff55ce3000 	/usr/lib/system/libcache.dylib
0x00007fff55ce8000 	/usr/lib/system/libcommonCrypto.dylib
0x00007fff55cf3000 	/usr/lib/system/libcompiler_rt.dylib
0x00007fff55cfb000 	/usr/lib/system/libcopyfile.dylib
0x00007fff55d05000 	/usr/lib/system/libcorecrypto.dylib
0x00007fff55e12000 	/usr/lib/system/libdispatch.dylib
0x00007fff55e4c000 	/usr/lib/system/libdyld.dylib
0x00007fff55e6a000 	/usr/lib/system/libkeymgr.dylib
0x00007fff55e78000 	/usr/lib/system/liblaunch.dylib
0x00007fff55e79000 	/usr/lib/system/libmacho.dylib
0x00007fff55e7e000 	/usr/lib/system/libquarantine.dylib
0x00007fff55e81000 	/usr/lib/system/libremovefile.dylib
0x00007fff55e83000 	/usr/lib/system/libsystem_asl.dylib
0x00007fff55e9b000 	/usr/lib/system/libsystem_blocks.dylib
0x00007fff55e9c000 	/usr/lib/system/libsystem_c.dylib
0x00007fff55f26000 	/usr/lib/system/libsystem_configuration.dylib
0x00007fff55f2a000 	/usr/lib/system/libsystem_coreservices.dylib
0x00007fff55f2e000 	/usr/lib/system/libsystem_darwin.dylib
0x00007fff55f30000 	/usr/lib/system/libsystem_dnssd.dylib
0x00007fff55f37000 	/usr/lib/system/libsystem_info.dylib
0x00007fff55fa8000 	/usr/lib/system/libsystem_m.dylib
0x00007fff55ff4000 	/usr/lib/system/libsystem_malloc.dylib
0x00007fff56014000 	/usr/lib/system/libsystem_network.dylib
0x00007fff56145000 	/usr/lib/system/libsystem_networkextension.dylib
0x00007fff56150000 	/usr/lib/system/libsystem_notify.dylib
0x00007fff5616e000 	/usr/lib/system/libsystem_sandbox.dylib
0x00007fff56172000 	/usr/lib/system/libsystem_secinit.dylib
0x00007fff55f81000 	/usr/lib/system/libsystem_kernel.dylib
0x00007fff5615a000 	/usr/lib/system/libsystem_platform.dylib
0x00007fff56162000 	/usr/lib/system/libsystem_pthread.dylib
0x00007fff56174000 	/usr/lib/system/libsystem_symptoms.dylib
0x00007fff5617c000 	/usr/lib/system/libsystem_trace.dylib
0x00007fff56191000 	/usr/lib/system/libunwind.dylib
0x00007fff56197000 	/usr/lib/system/libxpc.dylib
0x00007fff5362c000 	/usr/lib/closure/libclosured.dylib
0x00007fff53d7c000 	/usr/lib/libbsm.0.dylib
0x00007fff55e6b000 	/usr/lib/system/libkxld.dylib
0x00007fff53a2a000 	/usr/lib/libOpenScriptingUtil.dylib
0x00007fff540eb000 	/usr/lib/libcoretls.dylib
0x00007fff54104000 	/usr/lib/libcoretls_cfhelpers.dylib
0x00007fff55620000 	/usr/lib/libpam.2.dylib
0x00007fff55747000 	/usr/lib/libsqlite3.dylib
0x00007fff55b13000 	/usr/lib/libxar.1.dylib
0x00007fff53d8d000 	/usr/lib/libbz2.1.0.dylib
0x00007fff54b3c000 	/usr/lib/liblzma.5.dylib
0x00007fff5501d000 	/usr/lib/libnetwork.dylib
0x00007fff53bfb000 	/usr/lib/libapple_nghttp2.dylib
0x00007fff55627000 	/usr/lib/libpcap.A.dylib
0x00007fff53cc3000 	/usr/lib/libboringssl.dylib
0x00007fff55aae000 	/usr/lib/libusrtcp.dylib
0x00007fff53bfa000 	/usr/lib/libapple_crypto.dylib
0x00007fff2f392000 	/System/Library/Frameworks/CoreServices.framework/Versions/A/Frameworks/FSEvents.framework/Versions/A/FSEvents
0x00007fff2f085000 	/System/Library/Frameworks/CoreServices.framework/Versions/A/Frameworks/CarbonCore.framework/Versions/A/CarbonCore
0x00007fff2f55a000 	/System/Library/Frameworks/CoreServices.framework/Versions/A/Frameworks/Metadata.framework/Versions/A/Metadata
0x00007fff2f60b000 	/System/Library/Frameworks/CoreServices.framework/Versions/A/Frameworks/OSServices.framework/Versions/A/OSServices
0x00007fff2f66c000 	/System/Library/Frameworks/CoreServices.framework/Versions/A/Frameworks/SearchKit.framework/Versions/A/SearchKit
0x00007fff2f010000 	/System/Library/Frameworks/CoreServices.framework/Versions/A/Frameworks/AE.framework/Versions/A/AE
0x00007fff2f39b000 	/System/Library/Frameworks/CoreServices.framework/Versions/A/Frameworks/LaunchServices.framework/Versions/A/LaunchServices
0x00007fff2f35d000 	/System/Library/Frameworks/CoreServices.framework/Versions/A/Frameworks/DictionaryServices.framework/Versions/A/DictionaryServices
0x00007fff2f6db000 	/System/Library/Frameworks/CoreServices.framework/Versions/A/Frameworks/SharedFileList.framework/Versions/A/SharedFileList
0x00007fff3389a000 	/System/Library/Frameworks/NetFS.framework/Versions/A/NetFS
0x00007fff49baf000 	/System/Library/PrivateFrameworks/NetAuth.framework/Versions/A/NetAuth
0x00007fff534c3000 	/System/Library/PrivateFrameworks/login.framework/Versions/A/Frameworks/loginsupport.framework/Versions/A/loginsupport
0x00007fff51815000 	/System/Library/PrivateFrameworks/TCC.framework/Versions/A/TCC
0x00007fff54c1d000 	/usr/lib/libmecabra.dylib
0x00007fff2c325000 	/System/Library/Frameworks/ApplicationServices.framework/Versions/A/Frameworks/ATS.framework/Versions/A/ATS
0x00007fff2c6d3000 	/System/Library/Frameworks/ApplicationServices.framework/Versions/A/Frameworks/ColorSyncLegacy.framework/Versions/A/ColorSyncLegacy
0x00007fff2c777000 	/System/Library/Frameworks/ApplicationServices.framework/Versions/A/Frameworks/HIServices.framework/Versions/A/HIServices
0x00007fff2c7ca000 	/System/Library/Frameworks/ApplicationServices.framework/Versions/A/Frameworks/LangAnalysis.framework/Versions/A/LangAnalysis
0x00007fff2c7d9000 	/System/Library/Frameworks/ApplicationServices.framework/Versions/A/Frameworks/PrintCore.framework/Versions/A/PrintCore
0x00007fff2c826000 	/System/Library/Frameworks/ApplicationServices.framework/Versions/A/Frameworks/QD.framework/Versions/A/QD
0x00007fff2c861000 	/System/Library/Frameworks/ApplicationServices.framework/Versions/A/Frameworks/SpeechSynthesis.framework/Versions/A/SpeechSynthesis
0x00007fff2ddb2000 	/System/Library/Frameworks/CoreDisplay.framework/Versions/A/CoreDisplay
0x00007fff2a426000 	/System/Library/Frameworks/Accelerate.framework/Versions/A/Frameworks/vImage.framework/Versions/A/vImage
0x00007fff2b180000 	/System/Library/Frameworks/Accelerate.framework/Versions/A/Frameworks/vecLib.framework/Versions/A/vecLib
0x00007fff2af20000 	/System/Library/Frameworks/Accelerate.framework/Versions/A/Frameworks/vecLib.framework/Versions/A/libvDSP.dylib
0x00007fff2aa80000 	/System/Library/Frameworks/Accelerate.framework/Versions/A/Frameworks/vecLib.framework/Versions/A/libBNNS.dylib
0x00007fff2ae85000 	/System/Library/Frameworks/Accelerate.framework/Versions/A/Frameworks/vecLib.framework/Versions/A/libQuadrature.dylib
0x00007fff2b0ce000 	/System/Library/Frameworks/Accelerate.framework/Versions/A/Frameworks/vecLib.framework/Versions/A/libvMisc.dylib
0x00007fff2aaaf000 	/System/Library/Frameworks/Accelerate.framework/Versions/A/Frameworks/vecLib.framework/Versions/A/libLAPACK.dylib
0x00007fff2a925000 	/System/Library/Frameworks/Accelerate.framework/Versions/A/Frameworks/vecLib.framework/Versions/A/libBLAS.dylib
0x00007fff2ae6f000 	/System/Library/Frameworks/Accelerate.framework/Versions/A/Frameworks/vecLib.framework/Versions/A/libLinearAlgebra.dylib
0x00007fff2ae8b000 	/System/Library/Frameworks/Accelerate.framework/Versions/A/Frameworks/vecLib.framework/Versions/A/libSparse.dylib
0x00007fff2af0c000 	/System/Library/Frameworks/Accelerate.framework/Versions/A/Frameworks/vecLib.framework/Versions/A/libSparseBLAS.dylib
0x00007fff469ef000 	/System/Library/PrivateFrameworks/GPUWrangler.framework/Versions/A/GPUWrangler
0x00007fff48180000 	/System/Library/PrivateFrameworks/IOAccelerator.framework/Versions/A/IOAccelerator
0x00007fff4818b000 	/System/Library/PrivateFrameworks/IOPresentment.framework/Versions/A/IOPresentment
0x00007fff42225000 	/System/Library/PrivateFrameworks/DSExternalDisplay.framework/Versions/A/DSExternalDisplay
0x00007fff3789d000 	/System/Library/Frameworks/OpenGL.framework/Versions/A/Libraries/libCoreFSCache.dylib
0x00007fff2faf1000 	/System/Library/Frameworks/CoreVideo.framework/Versions/A/CoreVideo
0x00007fff4776a000 	/System/Library/PrivateFrameworks/GraphVisualizer.framework/Versions/A/GraphVisualizer
0x00007fff3289b000 	/System/Library/Frameworks/MetalPerformanceShaders.framework/Versions/A/MetalPerformanceShaders
0x00007fff53828000 	/usr/lib/libFosl_dynamic.dylib
0x00007fff432f9000 	/System/Library/PrivateFrameworks/FaceCore.framework/Versions/A/FaceCore
0x00007fff36698000 	/System/Library/Frameworks/OpenCL.framework/Versions/A/OpenCL
0x00007fff53e29000 	/usr/lib/libcompression.dylib
0x00007fff2c424000 	/System/Library/Frameworks/ApplicationServices.framework/Versions/A/Frameworks/ATS.framework/Versions/A/Resources/libFontParser.dylib
0x00007fff2c547000 	/System/Library/Frameworks/ApplicationServices.framework/Versions/A/Frameworks/ATS.framework/Versions/A/Resources/libFontRegistry.dylib
0x00007fff30a38000 	/System/Library/Frameworks/ImageIO.framework/Versions/A/Resources/libJPEG.dylib
0x00007fff30d61000 	/System/Library/Frameworks/ImageIO.framework/Versions/A/Resources/libTIFF.dylib
0x00007fff30d37000 	/System/Library/Frameworks/ImageIO.framework/Versions/A/Resources/libPng.dylib
0x00007fff3094b000 	/System/Library/Frameworks/ImageIO.framework/Versions/A/Resources/libGIF.dylib
0x00007fff30950000 	/System/Library/Frameworks/ImageIO.framework/Versions/A/Resources/libJP2.dylib
0x00007fff30d5e000 	/System/Library/Frameworks/ImageIO.framework/Versions/A/Resources/libRadiance.dylib
0x00007fff3e239000 	/System/Library/PrivateFrameworks/AppleJPEG.framework/Versions/A/AppleJPEG
0x00007fff32702000 	/System/Library/Frameworks/MetalPerformanceShaders.framework/Frameworks/MPSCore.framework/Versions/A/MPSCore
0x00007fff3271e000 	/System/Library/Frameworks/MetalPerformanceShaders.framework/Frameworks/MPSImage.framework/Versions/A/MPSImage
0x00007fff327b3000 	/System/Library/Frameworks/MetalPerformanceShaders.framework/Frameworks/MPSNeuralNetwork.framework/Versions/A/MPSNeuralNetwork
0x00007fff3278e000 	/System/Library/Frameworks/MetalPerformanceShaders.framework/Frameworks/MPSMatrix.framework/Versions/A/MPSMatrix
0x00007fff49681000 	/System/Library/PrivateFrameworks/MetalTools.framework/Versions/A/MetalTools
0x00007fff37a68000 	/System/Library/Frameworks/OpenGL.framework/Versions/A/Libraries/libGLU.dylib
0x00007fff378a8000 	/System/Library/Frameworks/OpenGL.framework/Versions/A/Libraries/libGFXShared.dylib
0x00007fff378b2000 	/System/Library/Frameworks/OpenGL.framework/Versions/A/Libraries/libGL.dylib
0x00007fff378be000 	/System/Library/Frameworks/OpenGL.framework/Versions/A/Libraries/libGLImage.dylib
0x00007fff3789a000 	/System/Library/Frameworks/OpenGL.framework/Versions/A/Libraries/libCVMSPluginSupport.dylib
0x00007fff378a3000 	/System/Library/Frameworks/OpenGL.framework/Versions/A/Libraries/libCoreVMClient.dylib
0x00007fff545d6000 	/usr/lib/libcups.2.dylib
0x00007fff31c69000 	/System/Library/Frameworks/Kerberos.framework/Versions/A/Kerberos
0x00007fff3042f000 	/System/Library/Frameworks/GSS.framework/Versions/A/GSS
0x00007fff556da000 	/usr/lib/libresolv.9.dylib
0x00007fff547d4000 	/usr/lib/libiconv.2.dylib
0x00007fff477fc000 	/System/Library/PrivateFrameworks/Heimdal.framework/Versions/A/Heimdal
0x00007fff547a3000 	/usr/lib/libheimdal-asn1.dylib
0x00007fff36710000 	/System/Library/Frameworks/OpenDirectory.framework/Versions/A/OpenDirectory
0x00007fff40550000 	/System/Library/PrivateFrameworks/CommonAuth.framework/Versions/A/CommonAuth
0x00007fff366f3000 	/System/Library/Frameworks/OpenDirectory.framework/Versions/A/Frameworks/CFOpenDirectory.framework/Versions/A/CFOpenDirectory
0x00007fff3a02a000 	/System/Library/Frameworks/SecurityFoundation.framework/Versions/A/SecurityFoundation
0x00007fff3d3fe000 	/System/Library/PrivateFrameworks/APFS.framework/Versions/A/APFS
0x00007fff55b0f000 	/usr/lib/libutil.dylib
0x00007fff3e2bc000 	/System/Library/PrivateFrameworks/AppleSauce.framework/Versions/A/AppleSauce
0x00007fff48968000 	/System/Library/PrivateFrameworks/LinguisticData.framework/Versions/A/LinguisticData
0x00007fff54b56000 	/usr/lib/libmarisa.dylib
0x00007fff48922000 	/System/Library/PrivateFrameworks/Lexicon.framework/Versions/A/Lexicon
0x00007fff53753000 	/usr/lib/libChineseTokenizer.dylib
0x00007fff53e18000 	/usr/lib/libcmph.dylib
0x00007fff4882c000 	/System/Library/PrivateFrameworks/LanguageModeling.framework/Versions/A/LanguageModeling
0x00007fff4106d000 	/System/Library/PrivateFrameworks/CoreEmoji.framework/Versions/A/CoreEmoji
0x00007fff3a0e8000 	/System/Library/Frameworks/ServiceManagement.framework/Versions/A/ServiceManagement
0x00007fff3eb07000 	/System/Library/PrivateFrameworks/BackgroundTaskManagement.framework/Versions/A/BackgroundTaskManagement
0x00007fff55c0c000 	/usr/lib/libxslt.1.dylib
0x00007fff2d4e6000 	/System/Library/Frameworks/Carbon.framework/Versions/A/Frameworks/Ink.framework/Versions/A/Ink
0x00007fff51a2a000 	/System/Library/PrivateFrameworks/TextureIO.framework/Versions/A/TextureIO
0x00007fff53c3d000 	/usr/lib/libate.dylib
0x00007fff42184000 	/System/Library/PrivateFrameworks/CrashReporterSupport.framework/Versions/A/CrashReporterSupport
0x00007fff4ed66000 	/System/Library/PrivateFrameworks/Sharing.framework/Versions/A/Sharing
0x00007fff4856d000 	/System/Library/PrivateFrameworks/IconServices.framework/Versions/A/IconServices
0x00007fff3e737000 	/System/Library/PrivateFrameworks/AuthKit.framework/Versions/A/AuthKit
0x00007fff3e0bc000 	/System/Library/PrivateFrameworks/Apple80211.framework/Versions/A/Apple80211
0x00007fff41f99000 	/System/Library/PrivateFrameworks/CoreUtils.framework/Versions/A/CoreUtils
0x00007fff2fb2c000 	/System/Library/Frameworks/CoreWLAN.framework/Versions/A/CoreWLAN
0x00007fff30571000 	/System/Library/Frameworks/IOBluetooth.framework/Versions/A/IOBluetooth
0x00007fff4d226000 	/System/Library/PrivateFrameworks/ProtocolBuffer.framework/Versions/A/ProtocolBuffer
0x00007fff49879000 	/System/Library/PrivateFrameworks/MobileKeyBag.framework/Versions/A/MobileKeyBag
0x00007fff41811000 	/System/Library/PrivateFrameworks/CorePhoneNumbers.framework/Versions/A/CorePhoneNumbers
0x00007fff3e1f4000 	/System/Library/PrivateFrameworks/AppleIDAuthSupport.framework/Versions/A/AppleIDAuthSupport
0x00007fff48818000 	/System/Library/PrivateFrameworks/KeychainCircle.framework/Versions/A/KeychainCircle
0x00007fff4211f000 	/System/Library/PrivateFrameworks/CoreWiFi.framework/Versions/A/CoreWiFi
0x00007fff2da31000 	/System/Library/Frameworks/CoreBluetooth.framework/Versions/A/CoreBluetooth
0x00007fff4236f000 	/System/Library/PrivateFrameworks/DebugSymbols.framework/Versions/A/DebugSymbols
0x00007fff41d4f000 	/System/Library/PrivateFrameworks/CoreSymbolication.framework/Versions/A/CoreSymbolication
0x00007fff5121c000 	/System/Library/PrivateFrameworks/Symbolication.framework/Versions/A/Symbolication
0x00007fff3e0e6000 	/System/Library/PrivateFrameworks/AppleFSCompression.framework/Versions/A/AppleFSCompression
0x00007fff50669000 	/System/Library/PrivateFrameworks/SpeechRecognitionCore.framework/Versions/A/SpeechRecognitionCore
0x0000000104400000 	/Library/Java/JavaVirtualMachines/jdk1.8.0_191.jdk/Contents/Home/jre/lib/server/libjvm.dylib
0x00007fff559dc000 	/usr/lib/libstdc++.6.0.9.dylib
0x0000000102baa000 	/Library/Java/JavaVirtualMachines/jdk1.8.0_191.jdk/Contents/Home/jre/lib/libverify.dylib
0x0000000102bb8000 	/Library/Java/JavaVirtualMachines/jdk1.8.0_191.jdk/Contents/Home/jre/lib/libjava.dylib
0x00000001053f4000 	/Library/Java/JavaVirtualMachines/jdk1.8.0_191.jdk/Contents/Home/jre/lib/libzip.dylib
0x0000000122573000 	/Library/Java/JavaVirtualMachines/jdk1.8.0_191.jdk/Contents/Home/jre/lib/libawt.dylib
0x000000012261d000 	/Library/Java/JavaVirtualMachines/jdk1.8.0_191.jdk/Contents/Home/jre/lib/./libmlib_image.dylib
0x00007fff31c52000 	/System/Library/Frameworks/JavaVM.framework/Versions/A/Frameworks/JavaNativeFoundation.framework/Versions/A/JavaNativeFoundation
0x00007fff31c5b000 	/System/Library/Frameworks/JavaVM.framework/Versions/A/Frameworks/JavaRuntimeSupport.framework/Versions/A/JavaRuntimeSupport
0x00007fff31c64000 	/System/Library/Frameworks/JavaVM.framework/Versions/A/JavaVM
0x00007fff4872e000 	/System/Library/PrivateFrameworks/JavaLaunching.framework/Versions/A/JavaLaunching
0x00007fff2d1d1000 	/System/Library/Frameworks/Carbon.framework/Versions/A/Carbon
0x00007fff2d1d2000 	/System/Library/Frameworks/Carbon.framework/Versions/A/Frameworks/CommonPanels.framework/Versions/A/CommonPanels
0x00007fff2d4dc000 	/System/Library/Frameworks/Carbon.framework/Versions/A/Frameworks/Help.framework/Versions/A/Help
0x00007fff2d4e0000 	/System/Library/Frameworks/Carbon.framework/Versions/A/Frameworks/ImageCapture.framework/Versions/A/ImageCapture
0x00007fff2d57c000 	/System/Library/Frameworks/Carbon.framework/Versions/A/Frameworks/OpenScripting.framework/Versions/A/OpenScripting
0x00007fff2d5b7000 	/System/Library/Frameworks/Carbon.framework/Versions/A/Frameworks/Print.framework/Versions/A/Print
0x00007fff2d5b9000 	/System/Library/Frameworks/Carbon.framework/Versions/A/Frameworks/SecurityHI.framework/Versions/A/SecurityHI
0x00000001226e9000 	/Library/Java/JavaVirtualMachines/jdk1.8.0_191.jdk/Contents/Home/jre/lib/libawt_lwawt.dylib
0x00000001227a3000 	/Library/Java/JavaVirtualMachines/jdk1.8.0_191.jdk/Contents/Home/jre/lib/./libosxapp.dylib
0x00007fff2ffd1000 	/System/Library/Frameworks/ExceptionHandling.framework/Versions/A/ExceptionHandling
0x00007fff419a4000 	/System/Library/PrivateFrameworks/CoreServicesInternal.framework/Versions/A/CoreServicesInternal
0x00007fff2644c000 	/System/Library/CoreServices/RawCamera.bundle/Contents/MacOS/RawCamera
0x00007fff496f3000 	/System/Library/PrivateFrameworks/MobileAsset.framework/Versions/A/MobileAsset
0x00007fff50b23000 	/System/Library/PrivateFrameworks/StreamingZip.framework/Versions/A/StreamingZip
0x00007fff31ff8000 	/System/Library/Frameworks/MediaToolbox.framework/Versions/A/MediaToolbox
0x00007fff40c9e000 	/System/Library/PrivateFrameworks/CoreAVCHD.framework/Versions/A/CoreAVCHD
0x00007fff31f41000 	/System/Library/Frameworks/MediaAccessibility.framework/Versions/A/MediaAccessibility
0x00007fff4916e000 	/System/Library/PrivateFrameworks/Mangrove.framework/Versions/A/Mangrove
0x00007fff2eec9000 	/System/Library/Frameworks/CoreMedia.framework/Versions/A/CoreMedia
0x00007fff3a6b6000 	/System/Library/Frameworks/VideoToolbox.framework/Versions/A/VideoToolbox
0x00007fff40895000 	/System/Library/PrivateFrameworks/CoreAUC.framework/Versions/A/CoreAUC
0x00007fff55745000 	/usr/lib/libspindump.dylib
0x00007fff3e3b1000 	/System/Library/PrivateFrameworks/AppleVA.framework/Versions/A/AppleVA
0x00007fff2a40f000 	/System/Library/Frameworks/Accelerate.framework/Versions/A/Frameworks/vImage.framework/Versions/A/Libraries/libCGInterfaces.dylib
0x00007fff2c636000 	/System/Library/Frameworks/ApplicationServices.framework/Versions/A/Frameworks/ATS.framework/Versions/A/Resources/libTrueTypeScaler.dylib
0x0000000124989000 	/System/Library/Extensions/AMDMTLBronzeDriver.bundle/Contents/MacOS/AMDMTLBronzeDriver
0x00007fff48176000 	/System/Library/PrivateFrameworks/IOAccelMemoryInfo.framework/Versions/A/IOAccelMemoryInfo
0x00007fff27e2f000 	/System/Library/Extensions/AppleIntelKBLGraphicsMTLDriver.bundle/Contents/MacOS/AppleIntelKBLGraphicsMTLDriver
0x00007fff45383000 	/System/Library/PrivateFrameworks/GPUCompiler.framework/Versions/3802/Libraries/libmetal_timestamp.dylib
0x00007fff43731000 	/System/Library/PrivateFrameworks/FamilyControls.framework/Versions/A/FamilyControls
0x00007fff40543000 	/System/Library/PrivateFrameworks/CommerceKit.framework/Versions/A/Frameworks/CommerceCore.framework/Versions/A/CommerceCore
0x00007fff5156b000 	/System/Library/PrivateFrameworks/SystemAdministration.framework/Versions/A/SystemAdministration
0x00007fff3e06f000 	/System/Library/PrivateFrameworks/AppContainer.framework/Versions/A/AppContainer
0x00007fff4ec1e000 	/System/Library/PrivateFrameworks/SecCodeWrapper.framework/Versions/A/SecCodeWrapper
0x00007fff426bd000 	/System/Library/PrivateFrameworks/DiskManagement.framework/Versions/A/DiskManagement
0x00007fff2fd45000 	/System/Library/Frameworks/DirectoryService.framework/Versions/A/DirectoryService
0x00007fff425ea000 	/System/Library/PrivateFrameworks/DiskImages.framework/Versions/A/DiskImages
0x00007fff48a5f000 	/System/Library/PrivateFrameworks/LoginUIKit.framework/Versions/A/Frameworks/LoginUICore.framework/Versions/A/LoginUICore
0x00007fff5375f000 	/usr/lib/libCoreStorage.dylib
0x00007fff545ca000 	/usr/lib/libcsfde.dylib
0x00007fff5560e000 	/usr/lib/libodfde.dylib
0x00007fff4928d000 	/System/Library/PrivateFrameworks/MediaKit.framework/Versions/A/MediaKit
0x00007fff2fd51000 	/System/Library/Frameworks/DiscRecording.framework/Versions/A/DiscRecording
0x00007fff42839000 	/System/Library/PrivateFrameworks/EFILogin.framework/Versions/A/EFILogin
0x00007fff4d1ce000 	/System/Library/PrivateFrameworks/ProtectedCloudStorage.framework/Versions/A/ProtectedCloudStorage
0x00007fff54657000 	/usr/lib/libcurl.4.dylib
0x00007fff5429e000 	/usr/lib/libcrypto.35.dylib
0x00007fff55936000 	/usr/lib/libssl.35.dylib
0x00007fff31c83000 	/System/Library/Frameworks/LDAP.framework/Versions/A/LDAP
0x00007fff51b91000 	/System/Library/PrivateFrameworks/TrustEvaluationAgent.framework/Versions/A/TrustEvaluationAgent
0x00007fff55732000 	/usr/lib/libsasl2.2.dylib
0x00007fff40ef6000 	/System/Library/PrivateFrameworks/CoreDaemon.framework/Versions/B/CoreDaemon
0x00007fff3e2b3000 	/System/Library/PrivateFrameworks/AppleSRP.framework/Versions/A/AppleSRP
0x00007fff3842e000 	/System/Library/Frameworks/OpenGL.framework/Versions/A/Resources/GLEngine.bundle/GLEngine
0x00007fff378fa000 	/System/Library/Frameworks/OpenGL.framework/Versions/A/Libraries/libGLProgrammability.dylib
0x000000012626d000 	/System/Library/Extensions/AppleIntelKBLGraphicsGLDriver.bundle/Contents/MacOS/AppleIntelKBLGraphicsGLDriver
0x00007fff469e3000 	/System/Library/PrivateFrameworks/GPUSupport.framework/Versions/A/Libraries/libGPUSupportMercury.dylib
0x0000000127428000 	/System/Library/Extensions/AMDRadeonX4000GLDriver.bundle/Contents/MacOS/AMDRadeonX4000GLDriver
0x00007fff269e2000 	/System/Library/Extensions/AMDRadeonX4000GLDriver.bundle/Contents/MacOS/ATIRadeonX4000SCLib.dylib
0x00007fff385c6000 	/System/Library/Frameworks/OpenGL.framework/Versions/A/Resources/GLRendererFloat.bundle/GLRendererFloat
0x00007fff3668f000 	/System/Library/Frameworks/OpenCL.framework/Versions/A/Libraries/libcldcpuengine.dylib
0x0000000127a79000 	/Library/Java/JavaVirtualMachines/jdk1.8.0_191.jdk/Contents/Home/jre/lib/libfontmanager.dylib
0x0000000128032000 	/Library/Java/JavaVirtualMachines/jdk1.8.0_191.jdk/Contents/Home/jre/lib/libosxui.dylib
0x00007fff52a1c000 	/System/Library/PrivateFrameworks/ViewBridge.framework/Versions/A/ViewBridge
0x00000001291e0000 	/Library/Java/JavaVirtualMachines/jdk1.8.0_191.jdk/Contents/Home/jre/lib/libnet.dylib
0x0000000128d4b000 	/Library/Java/JavaVirtualMachines/jdk1.8.0_191.jdk/Contents/Home/jre/lib/libnio.dylib

VM Arguments:
jvm_args: -Dfile.encoding=UTF-8 
java_command: bsh.util.AWTConsole
java_class_path (initial): /Users/nicolebarton/Documents/thriveapp-appium/bin:/Users/nicolebarton/Documents/hamcrest-core-2.1.jar:/Users/nicolebarton/.p2/pool/plugins/org.testng_6.14.2.r201802161450.jar:/Users/nicolebarton/.p2/pool/plugins/com.beust.jcommander_1.72.0.jar:/Users/nicolebarton/.p2/pool/plugins/org.apache-extras.beanshell.bsh_2.0.0.b6.jar:/Users/nicolebarton/.p2/pool/plugins/org.yaml.snakeyaml_1.17.0.jar:/Users/nicolebarton/Documents/junit-4.12.jar:/Users/nicolebarton/Documents/commons-lang3-3.8.1.jar:/Users/nicolebarton/Documents/selenium-java-3.14.0/libs/httpclient-4.5.5.jar:/Users/nicolebarton/Documents/selenium-java-3.14.0/libs/httpcore-4.4.9.jar:/Users/nicolebarton/Documents/selenium-java-3.141.59/libs/byte-buddy-1.8.15.jar:/Users/nicolebarton/Documents/selenium-java-3.141.59/libs/guava-25.0-jre.jar:/Users/nicolebarton/Documents/java-client-6.1.0.jar:/Users/nicolebarton/Documents/selenium-java-3.14.0/client-combined-3.14.0-sources.jar:/Users/nicolebarton/Documents/selenium-java-3.14.0/client-combined-3.14.0.jar:/Users/nicolebarton/Documents/selenium-java-3.14.0/libs/byte-buddy-1.8.15.jar:/Users/nicolebarton/Documents/selenium-java-3.14.0/libs/commons-codec-1.10.jar:/Users/nicolebarton/Documents/selenium-java-3.14.0/libs/commons-exec-1.3.jar:/Users/nicolebarton/Documents/selenium-java-3.14.0/libs/commons-logging-1.2.jar:/Users/nicolebarton/Documents/selenium-java-3.14.0/libs/guava-25.0-jre.jar:/Users/nicolebarton/Documents/selenium-java-3.14.0/libs/okhttp-3.10.0.jar:/Users/nicolebarton/Documents/selenium-java-3.14.0/libs/okio-1.14.1.jar
Launcher Type: SUN_STANDARD

Environment Variables:
PATH=/usr/bin:/bin:/usr/sbin:/sbin
SHELL=/bin/bash

Signal Handlers:
SIGSEGV: [libjvm.dylib+0x5b5de9], sa_mask[0]=11111111011111110111111111111111, sa_flags=SA_ONSTACK|SA_RESTART|SA_SIGINFO
SIGBUS: [libjvm.dylib+0x5b5de9], sa_mask[0]=11111111011111110111111111111111, sa_flags=SA_RESTART|SA_SIGINFO
SIGFPE: [libjvm.dylib+0x48b6b0], sa_mask[0]=11111111011111110111111111111111, sa_flags=SA_RESTART|SA_SIGINFO
SIGPIPE: [libjvm.dylib+0x48b6b0], sa_mask[0]=11111111011111110111111111111111, sa_flags=SA_RESTART|SA_SIGINFO
SIGXFSZ: [libjvm.dylib+0x48b6b0], sa_mask[0]=11111111011111110111111111111111, sa_flags=SA_RESTART|SA_SIGINFO
SIGILL: [libjvm.dylib+0x48b6b0], sa_mask[0]=11111111011111110111111111111111, sa_flags=SA_RESTART|SA_SIGINFO
SIGUSR1: SIG_DFL, sa_mask[0]=00000000000000000000000000000000, sa_flags=none
SIGUSR2: [libjvm.dylib+0x48b1ce], sa_mask[0]=00100000000000000000000000000000, sa_flags=SA_RESTART|SA_SIGINFO
SIGHUP: [libjvm.dylib+0x489759], sa_mask[0]=11111111011111110111111111111111, sa_flags=SA_RESTART|SA_SIGINFO
SIGINT: [libjvm.dylib+0x489759], sa_mask[0]=11111111011111110111111111111111, sa_flags=SA_RESTART|SA_SIGINFO
SIGTERM: [libjvm.dylib+0x489759], sa_mask[0]=11111111011111110111111111111111, sa_flags=SA_RESTART|SA_SIGINFO
SIGQUIT: [libjvm.dylib+0x489759], sa_mask[0]=11111111011111110111111111111111, sa_flags=SA_RESTART|SA_SIGINFO


---------------  S Y S T E M  ---------------

OS:Bsduname:Darwin 17.7.0 Darwin Kernel Version 17.7.0: Fri Nov  2 20:43:16 PDT 2018; root:xnu-4570.71.17~1/RELEASE_X86_64 x86_64
rlimit: STACK 8192k, CORE 0k, NPROC 1418, NOFILE 10240, AS infinity
load average:3.00 2.75 2.70

CPU:total 12 (initial active 12) (6 cores per cpu, 2 threads per core) family 6 model 158 stepping 10, cmov, cx8, fxsr, mmx, sse, sse2, sse3, ssse3, sse4.1, sse4.2, popcnt, avx, avx2, aes, clmul, erms, rtm, 3dnowpref, lzcnt, ht, tsc, tscinvbit, bmi1, bmi2, adx

Memory: 4k page, physical 16777216k(15440k free)

/proc/meminfo:


vm_info: Java HotSpot(TM) 64-Bit Server VM (25.191-b12) for bsd-amd64 JRE (1.8.0_191-b12), built on Oct  6 2018 08:37:07 by "java_re" with gcc 4.2.1 (Based on Apple Inc. build 5658) (LLVM build 2336.11.00)

time: Tue Mar  5 15:19:48 2019
elapsed time: 6099 seconds (0d 1h 41m 39s)

