#
# A fatal error has been detected by the Java Runtime Environment:
#
#  SIGSEGV (0xb) at pc=0x000000012e700027, pid=78075, tid=0x000000000000d607
#
# JRE version: Java(TM) SE Runtime Environment (8.0_191-b12) (build 1.8.0_191-b12)
# Java VM: Java HotSpot(TM) 64-Bit Server VM (25.191-b12 mixed mode bsd-amd64 compressed oops)
# Problematic frame:
# C  [libawt_lwawt.dylib+0x1c027]  OGLSD_SetScratchSurface+0x49
#
# Failed to write core dump. Core dumps have been disabled. To enable core dumping, try "ulimit -c unlimited" before starting Java again
#
# If you would like to submit a bug report, please visit:
#   http://bugreport.java.com/bugreport/crash.jsp
# The crash happened outside the Java Virtual Machine in native code.
# See problematic frame for where to report the bug.
#

---------------  T H R E A D  ---------------

Current thread (0x00007fef3bad9000):  JavaThread "Java2D Queue Flusher" daemon [_thread_in_native, id=54791, stack(0x0000700001fd0000,0x00007000020d0000)]

siginfo: si_signo: 11 (SIGSEGV), si_code: 1 (SEGV_MAPERR), si_addr: 0x0000000000000002

Registers:
RAX=0x00000000ffffffff, RBX=0x0000000000000002, RCX=0x0000000000000047, RDX=0x000000012e721b14
RSP=0x00007000020cf780, RBP=0x00007000020cf7a0, RSI=0x00007fef3b50ece0, RDI=0x00007fef3bad91f8
R8 =0x0000000000000000, R9 =0xffffffff00000000, R10=0x00000001118a24f8, R11=0x00000001118a24d8
R12=0x0000000000000000, R13=0x00007000020cf890, R14=0x00007fef3bad91f8, R15=0x00007fef3bad9000
RIP=0x000000012e700027, EFLAGS=0x0000000000010202, ERR=0x0000000000000004
  TRAPNO=0x000000000000000e

Top of Stack: (sp=0x00007000020cf780)
0x00007000020cf780:   00007fef3b50ece0 0000000000000000
0x00007000020cf790:   00007fef3ba02e10 00007fef3bad9000
0x00007000020cf7a0:   00007000020cf820 000000012e7215f2
0x00007000020cf7b0:   0000000044a4c000 0000000000000000
0x00007000020cf7c0:   0000000000000000 0000000000000000
0x00007000020cf7d0:   8000000040000000 8000000080000000
0x00007000020cf7e0:   00007000020cf820 00007fef3ba02e20
0x00007000020cf7f0:   00007000000cf810 00007fef3bad91f8
0x00007000020cf800:   000000012a33cc48 0000000000000000
0x00007000020cf810:   00007000020cf908 00007fef3bad9000
0x00007000020cf820:   00007000020cf870 00000001118a256a
0x00007000020cf830:   000000076f5c0568 0000000000000000
0x00007000020cf840:   0000000000000064 00007fef3b405948
0x00007000020cf850:   00007000020cf8b0 00000001109287a8
0x00007000020cf860:   0000000000000005 00007fef3bad9000
0x00007000020cf870:   00007000020cf8f0 00000001115932bd
0x00007000020cf880:   00007000020cf8f0 00000001115932bd
0x00007000020cf890:   0000000000000020 00007fef3ba02e00
0x00007000020cf8a0:   000000076f5c0580 000000076f5c0568
0x00007000020cf8b0:   00007000020cf8b0 000000012a33ccf5
0x00007000020cf8c0:   00007000020cf908 000000012a33dce0
0x00007000020cf8d0:   00000001351957b8 000000012a33cd18
0x00007000020cf8e0:   00007000020cf890 00007000020cf910
0x00007000020cf8f0:   000000076f598000 00000001118b2a88
0x00007000020cf900:   0000000000000020 000000076f5c0568
0x00007000020cf910:   000000012a341e20 000000076f598000
0x00007000020cf920:   0000000000000000 0000000000000000
0x00007000020cf930:   00007000020cf960 00007000020cf9d0
0x00007000020cf940:   0000000000000001 0000000000000000
0x00007000020cf950:   00007000020cf9d0 000000011158b7a7
0x00007000020cf960:   000000076ae89018 000000076ae89018
0x00007000020cf970:   0000700000001fa0 000000000000000a 

Instructions: (pc=0x000000012e700027)
0x000000012e700007:   c0 e9 82 00 00 00 48 8b 5e 10 48 85 db 75 0e bf
0x000000012e700017:   01 00 00 00 48 8d 15 a8 96 03 00 eb d6 49 89 fe
0x000000012e700027:   4c 8b 3b 30 c0 e8 ff bc 02 00 49 8b 3f 49 89 c4
0x000000012e700037:   48 8b 35 02 29 06 00 30 c0 e8 0b be 02 00 48 85 

Register to memory mapping:

RAX=0x00000000ffffffff is an unknown value
RBX=0x0000000000000002 is an unknown value
RCX=0x0000000000000047 is an unknown value
RDX=0x000000012e721b14: Java_sun_java2d_opengl_OGLRenderQueue_flushBuffer+0xb5c in /Library/Java/JavaVirtualMachines/jdk1.8.0_191.jdk/Contents/Home/jre/lib/libawt_lwawt.dylib at 0x000000012e6e4000
RSP=0x00007000020cf780 is pointing into the stack for thread: 0x00007fef3bad9000
RBP=0x00007000020cf7a0 is pointing into the stack for thread: 0x00007fef3bad9000
RSI=0x00007fef3b50ece0 is an unknown value
RDI=0x00007fef3bad91f8 is an unknown value
R8 =0x0000000000000000 is an unknown value
R9 =0xffffffff00000000 is an unknown value
R10=0x00000001118a24f8 is at entry_point+56 in (nmethod*)0x00000001118a2350
R11=0x00000001118a24d8 is at entry_point+24 in (nmethod*)0x00000001118a2350
R12=0x0000000000000000 is an unknown value
R13=0x00007000020cf890 is pointing into the stack for thread: 0x00007fef3bad9000
R14=0x00007fef3bad91f8 is an unknown value
R15=0x00007fef3bad9000 is a thread


Stack: [0x0000700001fd0000,0x00007000020d0000],  sp=0x00007000020cf780,  free space=1021k
Native frames: (J=compiled Java code, j=interpreted, Vv=VM code, C=native code)
C  [libawt_lwawt.dylib+0x1c027]  OGLSD_SetScratchSurface+0x49
C  [libawt_lwawt.dylib+0x3d5f2]  Java_sun_java2d_opengl_OGLRenderQueue_flushBuffer+0x63a
J 946  sun.java2d.opengl.OGLRenderQueue.flushBuffer(JI)V (0 bytes) @ 0x00000001118a256a [0x00000001118a24c0+0xaa]
j  sun.java2d.opengl.OGLRenderQueue.flushBuffer()V+21
J 962% C2 sun.java2d.opengl.OGLRenderQueue$QueueFlusher.run()V (234 bytes) @ 0x00000001118b2a88 [0x00000001118b27c0+0x2c8]
v  ~StubRoutines::call_stub
V  [libjvm.dylib+0x2ef9fe]  JavaCalls::call_helper(JavaValue*, methodHandle*, JavaCallArguments*, Thread*)+0x6ae
V  [libjvm.dylib+0x2f01a2]  JavaCalls::call_virtual(JavaValue*, KlassHandle, Symbol*, Symbol*, JavaCallArguments*, Thread*)+0x164
V  [libjvm.dylib+0x2f034e]  JavaCalls::call_virtual(JavaValue*, Handle, KlassHandle, Symbol*, Symbol*, Thread*)+0x4a
V  [libjvm.dylib+0x34ac3d]  thread_entry(JavaThread*, Thread*)+0x7c
V  [libjvm.dylib+0x56f83f]  JavaThread::thread_main_inner()+0x9b
V  [libjvm.dylib+0x570f3a]  JavaThread::run()+0x1c2
V  [libjvm.dylib+0x48e0be]  java_start(Thread*)+0xf6
C  [libsystem_pthread.dylib+0x3661]  _pthread_body+0x154
C  [libsystem_pthread.dylib+0x350d]  _pthread_body+0x0
C  [libsystem_pthread.dylib+0x2bf9]  thread_start+0xd
C  0x0000000000000000

Java frames: (J=compiled Java code, j=interpreted, Vv=VM code)
J 946  sun.java2d.opengl.OGLRenderQueue.flushBuffer(JI)V (0 bytes) @ 0x00000001118a24f8 [0x00000001118a24c0+0x38]
j  sun.java2d.opengl.OGLRenderQueue.flushBuffer()V+21
J 962% C2 sun.java2d.opengl.OGLRenderQueue$QueueFlusher.run()V (234 bytes) @ 0x00000001118b2a88 [0x00000001118b27c0+0x2c8]
v  ~StubRoutines::call_stub

---------------  P R O C E S S  ---------------

Java Threads: ( => current thread )
  0x00007fef3bed8000 JavaThread "TimerQueue" daemon [_thread_blocked, id=33567, stack(0x0000700001a32000,0x0000700001b32000)]
  0x00007fef3d959800 JavaThread "Java2D Disposer" daemon [_thread_blocked, id=55055, stack(0x00007000020d3000,0x00007000021d3000)]
=>0x00007fef3bad9000 JavaThread "Java2D Queue Flusher" daemon [_thread_in_native, id=54791, stack(0x0000700001fd0000,0x00007000020d0000)]
  0x00007fef3d95f000 JavaThread "Thread-0" [_thread_blocked, id=48903, stack(0x0000700001ecd000,0x0000700001fcd000)]
  0x00007fef3e02f000 JavaThread "AppKit Thread" daemon [_thread_in_native, id=775, stack(0x00007ffee08a8000,0x00007ffee10a8000)]
  0x00007fef3e02c800 JavaThread "Service Thread" daemon [_thread_blocked, id=21763, stack(0x0000700001623000,0x0000700001723000)]
  0x00007fef3c81e000 JavaThread "C1 CompilerThread3" daemon [_thread_blocked, id=14851, stack(0x0000700001520000,0x0000700001620000)]
  0x00007fef3c821000 JavaThread "C2 CompilerThread2" daemon [_thread_blocked, id=15619, stack(0x000070000141d000,0x000070000151d000)]
  0x00007fef3d814000 JavaThread "C2 CompilerThread1" daemon [_thread_blocked, id=14595, stack(0x000070000131a000,0x000070000141a000)]
  0x00007fef3b850800 JavaThread "C2 CompilerThread0" daemon [_thread_blocked, id=16387, stack(0x0000700001217000,0x0000700001317000)]
  0x00007fef3d80f000 JavaThread "Signal Dispatcher" daemon [_thread_blocked, id=14347, stack(0x0000700001114000,0x0000700001214000)]
  0x00007fef3c80f800 JavaThread "Finalizer" daemon [_thread_blocked, id=13059, stack(0x0000700001011000,0x0000700001111000)]
  0x00007fef3b843800 JavaThread "Reference Handler" daemon [_thread_blocked, id=12547, stack(0x0000700000f0e000,0x000070000100e000)]
  0x00007fef3b809800 JavaThread "main" [_thread_blocked, id=9731, stack(0x00007000002ea000,0x00007000003ea000)]

Other Threads:
  0x00007fef3e804000 VMThread [stack: 0x0000700000e0b000,0x0000700000f0b000] [id=19203]
  0x00007fef3b851000 WatcherThread [stack: 0x0000700001726000,0x0000700001826000] [id=43011]

VM state:not at safepoint (normal execution)

VM Mutex/Monitor currently owned by a thread: None

Heap:
 PSYoungGen      total 76288K, used 3971K [0x000000076ab00000, 0x0000000770000000, 0x00000007c0000000)
  eden space 65536K, 2% used [0x000000076ab00000,0x000000076acb4f18,0x000000076eb00000)
  from space 10752K, 20% used [0x000000076f580000,0x000000076f7ac030,0x0000000770000000)
  to   space 10752K, 0% used [0x000000076eb00000,0x000000076eb00000,0x000000076f580000)
 ParOldGen       total 175104K, used 24K [0x00000006c0000000, 0x00000006cab00000, 0x000000076ab00000)
  object space 175104K, 0% used [0x00000006c0000000,0x00000006c0006000,0x00000006cab00000)
 Metaspace       used 11482K, capacity 11828K, committed 12032K, reserved 1060864K
  class space    used 1403K, capacity 1502K, committed 1536K, reserved 1048576K

Card table byte_map: [0x000000012094b000,0x000000012114c000] byte_map_base: 0x000000011d34b000

Marking Bits: (ParMarkBitMap*) 0x0000000110ed0e00
 Begin Bits: [0x00000001216a2000, 0x00000001256a2000)
 End Bits:   [0x00000001256a2000, 0x00000001296a2000)

Polling page: 0x000000010ebe9000

CodeCache: size=245760Kb used=3557Kb max_used=3557Kb free=242203Kb
 bounds [0x000000011158b000, 0x000000011190b000, 0x000000012058b000]
 total_blobs=1558 nmethods=1036 adapters=436
 compilation: enabled

Compilation events (10 events):
Event: 20308.808 Thread 0x00007fef3c81e000 1044       3       java.util.HashMap::keySet (25 bytes)
Event: 20308.809 Thread 0x00007fef3c81e000 nmethod 1044 0x000000011168ca90 code [0x000000011168cc20, 0x000000011168cfb0]
Event: 20308.809 Thread 0x00007fef3c81e000 1045       3       java.util.HashMap$KeySet::iterator (12 bytes)
Event: 20308.811 Thread 0x00007fef3c81e000 nmethod 1045 0x00000001116afc50 code [0x00000001116afdc0, 0x00000001116b0028]
Event: 20314.309 Thread 0x00007fef3c81e000 1046       3       java.util.HashMap::<init> (8 bytes)
Event: 20314.309 Thread 0x00007fef3c81e000 nmethod 1046 0x000000011168c6d0 code [0x000000011168c860, 0x000000011168c9e8]
Event: 20464.753 Thread 0x00007fef3c81e000 1047       3       java.lang.ref.ReferenceQueue::remove (6 bytes)
Event: 20464.753 Thread 0x00007fef3c81e000 nmethod 1047 0x000000011168c2d0 code [0x000000011168c440, 0x000000011168c648]
Event: 20464.753 Thread 0x00007fef3c81e000 1048   !   3       java.lang.ref.ReferenceQueue::remove (125 bytes)
Event: 20464.755 Thread 0x00007fef3c81e000 nmethod 1048 0x0000000111904fd0 code [0x00000001119051c0, 0x0000000111905a78]

GC Heap History (4 events):
Event: 19734.703 GC heap before
{Heap before GC invocations=1 (full 0):
 PSYoungGen      total 76288K, used 65536K [0x000000076ab00000, 0x0000000770000000, 0x00000007c0000000)
  eden space 65536K, 100% used [0x000000076ab00000,0x000000076eb00000,0x000000076eb00000)
  from space 10752K, 0% used [0x000000076f580000,0x000000076f580000,0x0000000770000000)
  to   space 10752K, 0% used [0x000000076eb00000,0x000000076eb00000,0x000000076f580000)
 ParOldGen       total 175104K, used 0K [0x00000006c0000000, 0x00000006cab00000, 0x000000076ab00000)
  object space 175104K, 0% used [0x00000006c0000000,0x00000006c0000000,0x00000006cab00000)
 Metaspace       used 11469K, capacity 11764K, committed 12032K, reserved 1060864K
  class space    used 1403K, capacity 1502K, committed 1536K, reserved 1048576K
Event: 19734.756 GC heap after
Heap after GC invocations=1 (full 0):
 PSYoungGen      total 76288K, used 3989K [0x000000076ab00000, 0x0000000770000000, 0x00000007c0000000)
  eden space 65536K, 0% used [0x000000076ab00000,0x000000076ab00000,0x000000076eb00000)
  from space 10752K, 37% used [0x000000076eb00000,0x000000076eee54f8,0x000000076f580000)
  to   space 10752K, 0% used [0x000000076f580000,0x000000076f580000,0x0000000770000000)
 ParOldGen       total 175104K, used 16K [0x00000006c0000000, 0x00000006cab00000, 0x000000076ab00000)
  object space 175104K, 0% used [0x00000006c0000000,0x00000006c0004000,0x00000006cab00000)
 Metaspace       used 11469K, capacity 11764K, committed 12032K, reserved 1060864K
  class space    used 1403K, capacity 1502K, committed 1536K, reserved 1048576K
}
Event: 20464.737 GC heap before
{Heap before GC invocations=2 (full 0):
 PSYoungGen      total 76288K, used 69525K [0x000000076ab00000, 0x0000000770000000, 0x00000007c0000000)
  eden space 65536K, 100% used [0x000000076ab00000,0x000000076eb00000,0x000000076eb00000)
  from space 10752K, 37% used [0x000000076eb00000,0x000000076eee54f8,0x000000076f580000)
  to   space 10752K, 0% used [0x000000076f580000,0x000000076f580000,0x0000000770000000)
 ParOldGen       total 175104K, used 16K [0x00000006c0000000, 0x00000006cab00000, 0x000000076ab00000)
  object space 175104K, 0% used [0x00000006c0000000,0x00000006c0004000,0x00000006cab00000)
 Metaspace       used 11481K, capacity 11828K, committed 12032K, reserved 1060864K
  class space    used 1403K, capacity 1502K, committed 1536K, reserved 1048576K
Event: 20464.749 GC heap after
Heap after GC invocations=2 (full 0):
 PSYoungGen      total 76288K, used 2224K [0x000000076ab00000, 0x0000000770000000, 0x00000007c0000000)
  eden space 65536K, 0% used [0x000000076ab00000,0x000000076ab00000,0x000000076eb00000)
  from space 10752K, 20% used [0x000000076f580000,0x000000076f7ac030,0x0000000770000000)
  to   space 10752K, 0% used [0x000000076eb00000,0x000000076eb00000,0x000000076f580000)
 ParOldGen       total 175104K, used 24K [0x00000006c0000000, 0x00000006cab00000, 0x000000076ab00000)
  object space 175104K, 0% used [0x00000006c0000000,0x00000006c0006000,0x00000006cab00000)
 Metaspace       used 11481K, capacity 11828K, committed 12032K, reserved 1060864K
  class space    used 1403K, capacity 1502K, committed 1536K, reserved 1048576K
}

Deoptimization events (10 events):
Event: 2.693 Thread 0x00007fef3b809800 Uncommon trap: reason=unstable_if action=reinterpret pc=0x00000001117b51c0 method=java.lang.String.replace(CC)Ljava/lang/String; @ 26
Event: 10164.096 Thread 0x00007fef3bc1a800 Uncommon trap: reason=class_check action=maybe_recompile pc=0x000000011184cb98 method=java.util.concurrent.locks.AbstractQueuedSynchronizer.release(I)Z @ 2
Event: 10164.100 Thread 0x00007fef3bc1a800 Uncommon trap: reason=class_check action=maybe_recompile pc=0x000000011184cb98 method=java.util.concurrent.locks.AbstractQueuedSynchronizer.release(I)Z @ 2
Event: 10164.101 Thread 0x00007fef3bc1a800 Uncommon trap: reason=class_check action=maybe_recompile pc=0x000000011184cb98 method=java.util.concurrent.locks.AbstractQueuedSynchronizer.release(I)Z @ 2
Event: 10164.103 Thread 0x00007fef3bc1a800 Uncommon trap: reason=class_check action=maybe_recompile pc=0x000000011184cb98 method=java.util.concurrent.locks.AbstractQueuedSynchronizer.release(I)Z @ 2
Event: 11479.172 Thread 0x00007fef3bad9000 Uncommon trap: reason=unstable_if action=reinterpret pc=0x0000000111886a00 method=sun.java2d.opengl.OGLRenderQueue$QueueFlusher.run()V @ 34
Event: 19560.910 Thread 0x00007fef3e02f000 Uncommon trap: reason=unstable_if action=reinterpret pc=0x00000001118b2254 method=java.util.IdentityHashMap.isEmpty()Z @ 4
Event: 19560.910 Thread 0x00007fef3e02f000 Uncommon trap: reason=unstable_if action=reinterpret pc=0x00000001118afcd0 method=java.util.IdentityHashMap.isEmpty()Z @ 4
Event: 19560.910 Thread 0x00007fef3e02f000 Uncommon trap: reason=unstable_if action=reinterpret pc=0x000000011187dd00 method=java.util.IdentityHashMap.isEmpty()Z @ 4
Event: 19560.910 Thread 0x00007fef3c01d800 Uncommon trap: reason=unstable_if action=reinterpret pc=0x0000000111872f64 method=java.util.IdentityHashMap.isEmpty()Z @ 4

Classes redefined (0 events):
No events

Internal exceptions (10 events):
Event: 0.070 Thread 0x00007fef3b809800 Exception <a 'java/lang/NoSuchMethodError': Method sun.misc.Unsafe.prefetchRead(Ljava/lang/Object;J)V name or signature does not match> (0x000000076ab07f98) thrown at [/Users/java_re/workspace/8-2-build-macosx-x86_64/jdk8u191/11896/hotspot/src/share/vm/pr
Event: 0.162 Thread 0x00007fef3b809800 Exception <a 'java/security/PrivilegedActionException'> (0x000000076abb62d0) thrown at [/Users/java_re/workspace/8-2-build-macosx-x86_64/jdk8u191/11896/hotspot/src/share/vm/prims/jvm.cpp, line 1435]
Event: 0.162 Thread 0x00007fef3b809800 Exception <a 'java/security/PrivilegedActionException'> (0x000000076abb64e0) thrown at [/Users/java_re/workspace/8-2-build-macosx-x86_64/jdk8u191/11896/hotspot/src/share/vm/prims/jvm.cpp, line 1435]
Event: 0.163 Thread 0x00007fef3b809800 Exception <a 'java/security/PrivilegedActionException'> (0x000000076abb9810) thrown at [/Users/java_re/workspace/8-2-build-macosx-x86_64/jdk8u191/11896/hotspot/src/share/vm/prims/jvm.cpp, line 1435]
Event: 0.163 Thread 0x00007fef3b809800 Exception <a 'java/security/PrivilegedActionException'> (0x000000076abb9a20) thrown at [/Users/java_re/workspace/8-2-build-macosx-x86_64/jdk8u191/11896/hotspot/src/share/vm/prims/jvm.cpp, line 1435]
Event: 0.213 Thread 0x00007fef3b809800 Exception <a 'java/lang/NoSuchFieldError': method resolution failed> (0x000000076add1900) thrown at [/Users/java_re/workspace/8-2-build-macosx-x86_64/jdk8u191/11896/hotspot/src/share/vm/prims/methodHandles.cpp, line 1167]
Event: 0.214 Thread 0x00007fef3b809800 Exception <a 'java/lang/NoSuchFieldError': method resolution failed> (0x000000076addf0d0) thrown at [/Users/java_re/workspace/8-2-build-macosx-x86_64/jdk8u191/11896/hotspot/src/share/vm/prims/methodHandles.cpp, line 1167]
Event: 0.536 Thread 0x00007fef3b809800 Exception <a 'java/io/FileNotFoundException'> (0x000000076ae59980) thrown at [/Users/java_re/workspace/8-2-build-macosx-x86_64/jdk8u191/11896/hotspot/src/share/vm/prims/jni.cpp, line 709]
Event: 0.536 Thread 0x00007fef3b809800 Exception <a 'java/io/FileNotFoundException'> (0x000000076ae5a520) thrown at [/Users/java_re/workspace/8-2-build-macosx-x86_64/jdk8u191/11896/hotspot/src/share/vm/prims/jni.cpp, line 709]
Event: 2.734 Thread 0x00007fef3b809800 Exception <a 'java/io/FileNotFoundException'> (0x000000076b7beeb0) thrown at [/Users/java_re/workspace/8-2-build-macosx-x86_64/jdk8u191/11896/hotspot/src/share/vm/prims/jni.cpp, line 709]

Events (10 events):
Event: 20458.238 Thread 0x00007fef3e9d4000 Thread added: 0x00007fef3e9d4000
Event: 20459.239 Executing VM operation: RevokeBias
Event: 20459.239 Executing VM operation: RevokeBias done
Event: 20459.239 Thread 0x00007fef3e9d4000 Thread exited: 0x00007fef3e9d4000
Event: 20463.736 Thread 0x00007fef3b92f000 Thread added: 0x00007fef3b92f000
Event: 20464.736 Executing VM operation: ParallelGCFailedAllocation
Event: 20464.750 Executing VM operation: ParallelGCFailedAllocation done
Event: 20464.750 Executing VM operation: RevokeBias
Event: 20464.750 Executing VM operation: RevokeBias done
Event: 20464.750 Thread 0x00007fef3b92f000 Thread exited: 0x00007fef3b92f000


Dynamic libraries:
0x00007fff2d6e3000 	/System/Library/Frameworks/Cocoa.framework/Versions/A/Cocoa
0x00007fff39cfe000 	/System/Library/Frameworks/Security.framework/Versions/A/Security
0x00007fff2c324000 	/System/Library/Frameworks/ApplicationServices.framework/Versions/A/ApplicationServices
0x00007fff55c35000 	/usr/lib/libz.1.dylib
0x00007fff53b66000 	/usr/lib/libSystem.B.dylib
0x00007fff5521f000 	/usr/lib/libobjc.A.dylib
0x00007fff2de96000 	/System/Library/Frameworks/CoreFoundation.framework/Versions/A/CoreFoundation
0x00007fff2fff8000 	/System/Library/Frameworks/Foundation.framework/Versions/C/Foundation
0x00007fff2b474000 	/System/Library/Frameworks/AppKit.framework/Versions/C/AppKit
0x00007fff2da5b000 	/System/Library/Frameworks/CoreData.framework/Versions/A/CoreData
0x00007fff4d41f000 	/System/Library/PrivateFrameworks/RemoteViewServices.framework/Versions/A/RemoteViewServices
0x00007fff51b98000 	/System/Library/PrivateFrameworks/UIFoundation.framework/Versions/A/UIFoundation
0x00007fff42213000 	/System/Library/PrivateFrameworks/DFRFoundation.framework/Versions/A/DFRFoundation
0x00007fff32664000 	/System/Library/Frameworks/Metal.framework/Versions/A/Metal
0x00007fff423b0000 	/System/Library/PrivateFrameworks/DesktopServicesPriv.framework/Versions/A/DesktopServicesPriv
0x00007fff5476c000 	/usr/lib/libenergytrace.dylib
0x00007fff4fc04000 	/System/Library/PrivateFrameworks/SkyLight.framework/Versions/A/SkyLight
0x00007fff2e339000 	/System/Library/Frameworks/CoreGraphics.framework/Versions/A/CoreGraphics
0x00007fff53b61000 	/usr/lib/libScreenReader.dylib
0x00007fff2a40e000 	/System/Library/Frameworks/Accelerate.framework/Versions/A/Accelerate
0x00007fff30772000 	/System/Library/Frameworks/IOSurface.framework/Versions/A/IOSurface
0x00007fff2c86e000 	/System/Library/Frameworks/AudioToolbox.framework/Versions/A/AudioToolbox
0x00007fff2cafe000 	/System/Library/Frameworks/AudioUnit.framework/Versions/A/AudioUnit
0x00007fff422ab000 	/System/Library/PrivateFrameworks/DataDetectorsCore.framework/Versions/A/DataDetectorsCore
0x00007fff2d1d6000 	/System/Library/Frameworks/Carbon.framework/Versions/A/Frameworks/HIToolbox.framework/Versions/A/HIToolbox
0x00007fff548c6000 	/usr/lib/libicucore.A.dylib
0x00007fff3927c000 	/System/Library/Frameworks/QuartzCore.framework/Versions/A/QuartzCore
0x00007fff4eea6000 	/System/Library/PrivateFrameworks/SignpostNotification.framework/Versions/A/SignpostNotification
0x00007fff2d5bc000 	/System/Library/Frameworks/Carbon.framework/Versions/A/Frameworks/SpeechRecognition.framework/Versions/A/SpeechRecognition
0x00007fff53cc2000 	/usr/lib/libauto.dylib
0x00007fff55b24000 	/usr/lib/libxml2.2.dylib
0x00007fff41e63000 	/System/Library/PrivateFrameworks/CoreUI.framework/Versions/A/CoreUI
0x00007fff2d937000 	/System/Library/Frameworks/CoreAudio.framework/Versions/A/CoreAudio
0x00007fff2fe32000 	/System/Library/Frameworks/DiskArbitration.framework/Versions/A/DiskArbitration
0x00007fff54b3a000 	/usr/lib/liblangid.dylib
0x00007fff4991e000 	/System/Library/PrivateFrameworks/MultitouchSupport.framework/Versions/A/MultitouchSupport
0x00007fff306d5000 	/System/Library/Frameworks/IOKit.framework/Versions/A/IOKit
0x00007fff537f0000 	/usr/lib/libDiagnosticMessagesClient.dylib
0x00007fff2f00f000 	/System/Library/Frameworks/CoreServices.framework/Versions/A/CoreServices
0x00007fff4b457000 	/System/Library/PrivateFrameworks/PerformanceAnalysis.framework/Versions/A/PerformanceAnalysis
0x00007fff3841e000 	/System/Library/Frameworks/OpenGL.framework/Versions/A/OpenGL
0x00007fff2d6f1000 	/System/Library/Frameworks/ColorSync.framework/Versions/A/ColorSync
0x00007fff2e94b000 	/System/Library/Frameworks/CoreImage.framework/Versions/A/CoreImage
0x00007fff2f9a0000 	/System/Library/Frameworks/CoreText.framework/Versions/A/CoreText
0x00007fff307d0000 	/System/Library/Frameworks/ImageIO.framework/Versions/A/ImageIO
0x00007fff3eb0f000 	/System/Library/PrivateFrameworks/Backup.framework/Versions/A/Backup
0x00007fff53c12000 	/usr/lib/libarchive.2.dylib
0x00007fff2ce21000 	/System/Library/Frameworks/CFNetwork.framework/Versions/A/CFNetwork
0x00007fff3a491000 	/System/Library/Frameworks/SystemConfiguration.framework/Versions/A/SystemConfiguration
0x00007fff53719000 	/usr/lib/libCRFSuite.dylib
0x00007fff53d9b000 	/usr/lib/libc++.1.dylib
0x00007fff53df2000 	/usr/lib/libc++abi.dylib
0x00007fff55ce3000 	/usr/lib/system/libcache.dylib
0x00007fff55ce8000 	/usr/lib/system/libcommonCrypto.dylib
0x00007fff55cf3000 	/usr/lib/system/libcompiler_rt.dylib
0x00007fff55cfb000 	/usr/lib/system/libcopyfile.dylib
0x00007fff55d05000 	/usr/lib/system/libcorecrypto.dylib
0x00007fff55e12000 	/usr/lib/system/libdispatch.dylib
0x00007fff55e4c000 	/usr/lib/system/libdyld.dylib
0x00007fff55e6a000 	/usr/lib/system/libkeymgr.dylib
0x00007fff55e78000 	/usr/lib/system/liblaunch.dylib
0x00007fff55e79000 	/usr/lib/system/libmacho.dylib
0x00007fff55e7e000 	/usr/lib/system/libquarantine.dylib
0x00007fff55e81000 	/usr/lib/system/libremovefile.dylib
0x00007fff55e83000 	/usr/lib/system/libsystem_asl.dylib
0x00007fff55e9b000 	/usr/lib/system/libsystem_blocks.dylib
0x00007fff55e9c000 	/usr/lib/system/libsystem_c.dylib
0x00007fff55f26000 	/usr/lib/system/libsystem_configuration.dylib
0x00007fff55f2a000 	/usr/lib/system/libsystem_coreservices.dylib
0x00007fff55f2e000 	/usr/lib/system/libsystem_darwin.dylib
0x00007fff55f30000 	/usr/lib/system/libsystem_dnssd.dylib
0x00007fff55f37000 	/usr/lib/system/libsystem_info.dylib
0x00007fff55fa8000 	/usr/lib/system/libsystem_m.dylib
0x00007fff55ff4000 	/usr/lib/system/libsystem_malloc.dylib
0x00007fff56014000 	/usr/lib/system/libsystem_network.dylib
0x00007fff56145000 	/usr/lib/system/libsystem_networkextension.dylib
0x00007fff56150000 	/usr/lib/system/libsystem_notify.dylib
0x00007fff5616e000 	/usr/lib/system/libsystem_sandbox.dylib
0x00007fff56172000 	/usr/lib/system/libsystem_secinit.dylib
0x00007fff55f81000 	/usr/lib/system/libsystem_kernel.dylib
0x00007fff5615a000 	/usr/lib/system/libsystem_platform.dylib
0x00007fff56162000 	/usr/lib/system/libsystem_pthread.dylib
0x00007fff56174000 	/usr/lib/system/libsystem_symptoms.dylib
0x00007fff5617c000 	/usr/lib/system/libsystem_trace.dylib
0x00007fff56191000 	/usr/lib/system/libunwind.dylib
0x00007fff56197000 	/usr/lib/system/libxpc.dylib
0x00007fff5362c000 	/usr/lib/closure/libclosured.dylib
0x00007fff53d7c000 	/usr/lib/libbsm.0.dylib
0x00007fff55e6b000 	/usr/lib/system/libkxld.dylib
0x00007fff53a2a000 	/usr/lib/libOpenScriptingUtil.dylib
0x00007fff540eb000 	/usr/lib/libcoretls.dylib
0x00007fff54104000 	/usr/lib/libcoretls_cfhelpers.dylib
0x00007fff55620000 	/usr/lib/libpam.2.dylib
0x00007fff55747000 	/usr/lib/libsqlite3.dylib
0x00007fff55b13000 	/usr/lib/libxar.1.dylib
0x00007fff53d8d000 	/usr/lib/libbz2.1.0.dylib
0x00007fff54b3c000 	/usr/lib/liblzma.5.dylib
0x00007fff5501d000 	/usr/lib/libnetwork.dylib
0x00007fff53bfb000 	/usr/lib/libapple_nghttp2.dylib
0x00007fff55627000 	/usr/lib/libpcap.A.dylib
0x00007fff53cc3000 	/usr/lib/libboringssl.dylib
0x00007fff55aae000 	/usr/lib/libusrtcp.dylib
0x00007fff53bfa000 	/usr/lib/libapple_crypto.dylib
0x00007fff2f392000 	/System/Library/Frameworks/CoreServices.framework/Versions/A/Frameworks/FSEvents.framework/Versions/A/FSEvents
0x00007fff2f085000 	/System/Library/Frameworks/CoreServices.framework/Versions/A/Frameworks/CarbonCore.framework/Versions/A/CarbonCore
0x00007fff2f55a000 	/System/Library/Frameworks/CoreServices.framework/Versions/A/Frameworks/Metadata.framework/Versions/A/Metadata
0x00007fff2f60b000 	/System/Library/Frameworks/CoreServices.framework/Versions/A/Frameworks/OSServices.framework/Versions/A/OSServices
0x00007fff2f66c000 	/System/Library/Frameworks/CoreServices.framework/Versions/A/Frameworks/SearchKit.framework/Versions/A/SearchKit
0x00007fff2f010000 	/System/Library/Frameworks/CoreServices.framework/Versions/A/Frameworks/AE.framework/Versions/A/AE
0x00007fff2f39b000 	/System/Library/Frameworks/CoreServices.framework/Versions/A/Frameworks/LaunchServices.framework/Versions/A/LaunchServices
0x00007fff2f35d000 	/System/Library/Frameworks/CoreServices.framework/Versions/A/Frameworks/DictionaryServices.framework/Versions/A/DictionaryServices
0x00007fff2f6db000 	/System/Library/Frameworks/CoreServices.framework/Versions/A/Frameworks/SharedFileList.framework/Versions/A/SharedFileList
0x00007fff3389a000 	/System/Library/Frameworks/NetFS.framework/Versions/A/NetFS
0x00007fff49baf000 	/System/Library/PrivateFrameworks/NetAuth.framework/Versions/A/NetAuth
0x00007fff534c3000 	/System/Library/PrivateFrameworks/login.framework/Versions/A/Frameworks/loginsupport.framework/Versions/A/loginsupport
0x00007fff51815000 	/System/Library/PrivateFrameworks/TCC.framework/Versions/A/TCC
0x00007fff54c1d000 	/usr/lib/libmecabra.dylib
0x00007fff2c325000 	/System/Library/Frameworks/ApplicationServices.framework/Versions/A/Frameworks/ATS.framework/Versions/A/ATS
0x00007fff2c6d3000 	/System/Library/Frameworks/ApplicationServices.framework/Versions/A/Frameworks/ColorSyncLegacy.framework/Versions/A/ColorSyncLegacy
0x00007fff2c777000 	/System/Library/Frameworks/ApplicationServices.framework/Versions/A/Frameworks/HIServices.framework/Versions/A/HIServices
0x00007fff2c7ca000 	/System/Library/Frameworks/ApplicationServices.framework/Versions/A/Frameworks/LangAnalysis.framework/Versions/A/LangAnalysis
0x00007fff2c7d9000 	/System/Library/Frameworks/ApplicationServices.framework/Versions/A/Frameworks/PrintCore.framework/Versions/A/PrintCore
0x00007fff2c826000 	/System/Library/Frameworks/ApplicationServices.framework/Versions/A/Frameworks/QD.framework/Versions/A/QD
0x00007fff2c861000 	/System/Library/Frameworks/ApplicationServices.framework/Versions/A/Frameworks/SpeechSynthesis.framework/Versions/A/SpeechSynthesis
0x00007fff2ddb2000 	/System/Library/Frameworks/CoreDisplay.framework/Versions/A/CoreDisplay
0x00007fff2a426000 	/System/Library/Frameworks/Accelerate.framework/Versions/A/Frameworks/vImage.framework/Versions/A/vImage
0x00007fff2b180000 	/System/Library/Frameworks/Accelerate.framework/Versions/A/Frameworks/vecLib.framework/Versions/A/vecLib
0x00007fff2af20000 	/System/Library/Frameworks/Accelerate.framework/Versions/A/Frameworks/vecLib.framework/Versions/A/libvDSP.dylib
0x00007fff2aa80000 	/System/Library/Frameworks/Accelerate.framework/Versions/A/Frameworks/vecLib.framework/Versions/A/libBNNS.dylib
0x00007fff2ae85000 	/System/Library/Frameworks/Accelerate.framework/Versions/A/Frameworks/vecLib.framework/Versions/A/libQuadrature.dylib
0x00007fff2b0ce000 	/System/Library/Frameworks/Accelerate.framework/Versions/A/Frameworks/vecLib.framework/Versions/A/libvMisc.dylib
0x00007fff2aaaf000 	/System/Library/Frameworks/Accelerate.framework/Versions/A/Frameworks/vecLib.framework/Versions/A/libLAPACK.dylib
0x00007fff2a925000 	/System/Library/Frameworks/Accelerate.framework/Versions/A/Frameworks/vecLib.framework/Versions/A/libBLAS.dylib
0x00007fff2ae6f000 	/System/Library/Frameworks/Accelerate.framework/Versions/A/Frameworks/vecLib.framework/Versions/A/libLinearAlgebra.dylib
0x00007fff2ae8b000 	/System/Library/Frameworks/Accelerate.framework/Versions/A/Frameworks/vecLib.framework/Versions/A/libSparse.dylib
0x00007fff2af0c000 	/System/Library/Frameworks/Accelerate.framework/Versions/A/Frameworks/vecLib.framework/Versions/A/libSparseBLAS.dylib
0x00007fff469ef000 	/System/Library/PrivateFrameworks/GPUWrangler.framework/Versions/A/GPUWrangler
0x00007fff48180000 	/System/Library/PrivateFrameworks/IOAccelerator.framework/Versions/A/IOAccelerator
0x00007fff4818b000 	/System/Library/PrivateFrameworks/IOPresentment.framework/Versions/A/IOPresentment
0x00007fff42225000 	/System/Library/PrivateFrameworks/DSExternalDisplay.framework/Versions/A/DSExternalDisplay
0x00007fff3789d000 	/System/Library/Frameworks/OpenGL.framework/Versions/A/Libraries/libCoreFSCache.dylib
0x00007fff2faf1000 	/System/Library/Frameworks/CoreVideo.framework/Versions/A/CoreVideo
0x00007fff4776a000 	/System/Library/PrivateFrameworks/GraphVisualizer.framework/Versions/A/GraphVisualizer
0x00007fff3289b000 	/System/Library/Frameworks/MetalPerformanceShaders.framework/Versions/A/MetalPerformanceShaders
0x00007fff53828000 	/usr/lib/libFosl_dynamic.dylib
0x00007fff432f9000 	/System/Library/PrivateFrameworks/FaceCore.framework/Versions/A/FaceCore
0x00007fff36698000 	/System/Library/Frameworks/OpenCL.framework/Versions/A/OpenCL
0x00007fff53e29000 	/usr/lib/libcompression.dylib
0x00007fff2c424000 	/System/Library/Frameworks/ApplicationServices.framework/Versions/A/Frameworks/ATS.framework/Versions/A/Resources/libFontParser.dylib
0x00007fff2c547000 	/System/Library/Frameworks/ApplicationServices.framework/Versions/A/Frameworks/ATS.framework/Versions/A/Resources/libFontRegistry.dylib
0x00007fff30a38000 	/System/Library/Frameworks/ImageIO.framework/Versions/A/Resources/libJPEG.dylib
0x00007fff30d61000 	/System/Library/Frameworks/ImageIO.framework/Versions/A/Resources/libTIFF.dylib
0x00007fff30d37000 	/System/Library/Frameworks/ImageIO.framework/Versions/A/Resources/libPng.dylib
0x00007fff3094b000 	/System/Library/Frameworks/ImageIO.framework/Versions/A/Resources/libGIF.dylib
0x00007fff30950000 	/System/Library/Frameworks/ImageIO.framework/Versions/A/Resources/libJP2.dylib
0x00007fff30d5e000 	/System/Library/Frameworks/ImageIO.framework/Versions/A/Resources/libRadiance.dylib
0x00007fff3e239000 	/System/Library/PrivateFrameworks/AppleJPEG.framework/Versions/A/AppleJPEG
0x00007fff32702000 	/System/Library/Frameworks/MetalPerformanceShaders.framework/Frameworks/MPSCore.framework/Versions/A/MPSCore
0x00007fff3271e000 	/System/Library/Frameworks/MetalPerformanceShaders.framework/Frameworks/MPSImage.framework/Versions/A/MPSImage
0x00007fff327b3000 	/System/Library/Frameworks/MetalPerformanceShaders.framework/Frameworks/MPSNeuralNetwork.framework/Versions/A/MPSNeuralNetwork
0x00007fff3278e000 	/System/Library/Frameworks/MetalPerformanceShaders.framework/Frameworks/MPSMatrix.framework/Versions/A/MPSMatrix
0x00007fff49681000 	/System/Library/PrivateFrameworks/MetalTools.framework/Versions/A/MetalTools
0x00007fff37a68000 	/System/Library/Frameworks/OpenGL.framework/Versions/A/Libraries/libGLU.dylib
0x00007fff378a8000 	/System/Library/Frameworks/OpenGL.framework/Versions/A/Libraries/libGFXShared.dylib
0x00007fff378b2000 	/System/Library/Frameworks/OpenGL.framework/Versions/A/Libraries/libGL.dylib
0x00007fff378be000 	/System/Library/Frameworks/OpenGL.framework/Versions/A/Libraries/libGLImage.dylib
0x00007fff3789a000 	/System/Library/Frameworks/OpenGL.framework/Versions/A/Libraries/libCVMSPluginSupport.dylib
0x00007fff378a3000 	/System/Library/Frameworks/OpenGL.framework/Versions/A/Libraries/libCoreVMClient.dylib
0x00007fff545d6000 	/usr/lib/libcups.2.dylib
0x00007fff31c69000 	/System/Library/Frameworks/Kerberos.framework/Versions/A/Kerberos
0x00007fff3042f000 	/System/Library/Frameworks/GSS.framework/Versions/A/GSS
0x00007fff556da000 	/usr/lib/libresolv.9.dylib
0x00007fff547d4000 	/usr/lib/libiconv.2.dylib
0x00007fff477fc000 	/System/Library/PrivateFrameworks/Heimdal.framework/Versions/A/Heimdal
0x00007fff547a3000 	/usr/lib/libheimdal-asn1.dylib
0x00007fff36710000 	/System/Library/Frameworks/OpenDirectory.framework/Versions/A/OpenDirectory
0x00007fff40550000 	/System/Library/PrivateFrameworks/CommonAuth.framework/Versions/A/CommonAuth
0x00007fff366f3000 	/System/Library/Frameworks/OpenDirectory.framework/Versions/A/Frameworks/CFOpenDirectory.framework/Versions/A/CFOpenDirectory
0x00007fff3a02a000 	/System/Library/Frameworks/SecurityFoundation.framework/Versions/A/SecurityFoundation
0x00007fff3d3fe000 	/System/Library/PrivateFrameworks/APFS.framework/Versions/A/APFS
0x00007fff55b0f000 	/usr/lib/libutil.dylib
0x00007fff3e2bc000 	/System/Library/PrivateFrameworks/AppleSauce.framework/Versions/A/AppleSauce
0x00007fff48968000 	/System/Library/PrivateFrameworks/LinguisticData.framework/Versions/A/LinguisticData
0x00007fff54b56000 	/usr/lib/libmarisa.dylib
0x00007fff48922000 	/System/Library/PrivateFrameworks/Lexicon.framework/Versions/A/Lexicon
0x00007fff53753000 	/usr/lib/libChineseTokenizer.dylib
0x00007fff53e18000 	/usr/lib/libcmph.dylib
0x00007fff4882c000 	/System/Library/PrivateFrameworks/LanguageModeling.framework/Versions/A/LanguageModeling
0x00007fff4106d000 	/System/Library/PrivateFrameworks/CoreEmoji.framework/Versions/A/CoreEmoji
0x00007fff3a0e8000 	/System/Library/Frameworks/ServiceManagement.framework/Versions/A/ServiceManagement
0x00007fff3eb07000 	/System/Library/PrivateFrameworks/BackgroundTaskManagement.framework/Versions/A/BackgroundTaskManagement
0x00007fff55c0c000 	/usr/lib/libxslt.1.dylib
0x00007fff2d4e6000 	/System/Library/Frameworks/Carbon.framework/Versions/A/Frameworks/Ink.framework/Versions/A/Ink
0x00007fff51a2a000 	/System/Library/PrivateFrameworks/TextureIO.framework/Versions/A/TextureIO
0x00007fff53c3d000 	/usr/lib/libate.dylib
0x00007fff42184000 	/System/Library/PrivateFrameworks/CrashReporterSupport.framework/Versions/A/CrashReporterSupport
0x00007fff4ed66000 	/System/Library/PrivateFrameworks/Sharing.framework/Versions/A/Sharing
0x00007fff4856d000 	/System/Library/PrivateFrameworks/IconServices.framework/Versions/A/IconServices
0x00007fff3e737000 	/System/Library/PrivateFrameworks/AuthKit.framework/Versions/A/AuthKit
0x00007fff3e0bc000 	/System/Library/PrivateFrameworks/Apple80211.framework/Versions/A/Apple80211
0x00007fff41f99000 	/System/Library/PrivateFrameworks/CoreUtils.framework/Versions/A/CoreUtils
0x00007fff2fb2c000 	/System/Library/Frameworks/CoreWLAN.framework/Versions/A/CoreWLAN
0x00007fff30571000 	/System/Library/Frameworks/IOBluetooth.framework/Versions/A/IOBluetooth
0x00007fff4d226000 	/System/Library/PrivateFrameworks/ProtocolBuffer.framework/Versions/A/ProtocolBuffer
0x00007fff49879000 	/System/Library/PrivateFrameworks/MobileKeyBag.framework/Versions/A/MobileKeyBag
0x00007fff41811000 	/System/Library/PrivateFrameworks/CorePhoneNumbers.framework/Versions/A/CorePhoneNumbers
0x00007fff3e1f4000 	/System/Library/PrivateFrameworks/AppleIDAuthSupport.framework/Versions/A/AppleIDAuthSupport
0x00007fff48818000 	/System/Library/PrivateFrameworks/KeychainCircle.framework/Versions/A/KeychainCircle
0x00007fff4211f000 	/System/Library/PrivateFrameworks/CoreWiFi.framework/Versions/A/CoreWiFi
0x00007fff2da31000 	/System/Library/Frameworks/CoreBluetooth.framework/Versions/A/CoreBluetooth
0x00007fff4236f000 	/System/Library/PrivateFrameworks/DebugSymbols.framework/Versions/A/DebugSymbols
0x00007fff41d4f000 	/System/Library/PrivateFrameworks/CoreSymbolication.framework/Versions/A/CoreSymbolication
0x00007fff5121c000 	/System/Library/PrivateFrameworks/Symbolication.framework/Versions/A/Symbolication
0x00007fff3e0e6000 	/System/Library/PrivateFrameworks/AppleFSCompression.framework/Versions/A/AppleFSCompression
0x00007fff50669000 	/System/Library/PrivateFrameworks/SpeechRecognitionCore.framework/Versions/A/SpeechRecognitionCore
0x00000001105d7000 	/Library/Java/JavaVirtualMachines/jdk1.8.0_191.jdk/Contents/Home/jre/lib/server/libjvm.dylib
0x00007fff559dc000 	/usr/lib/libstdc++.6.0.9.dylib
0x000000010eba5000 	/Library/Java/JavaVirtualMachines/jdk1.8.0_191.jdk/Contents/Home/jre/lib/libverify.dylib
0x000000010ebb3000 	/Library/Java/JavaVirtualMachines/jdk1.8.0_191.jdk/Contents/Home/jre/lib/libjava.dylib
0x000000010ebf3000 	/Library/Java/JavaVirtualMachines/jdk1.8.0_191.jdk/Contents/Home/jre/lib/libzip.dylib
0x000000012e56e000 	/Library/Java/JavaVirtualMachines/jdk1.8.0_191.jdk/Contents/Home/jre/lib/libawt.dylib
0x000000012e618000 	/Library/Java/JavaVirtualMachines/jdk1.8.0_191.jdk/Contents/Home/jre/lib/./libmlib_image.dylib
0x00007fff31c52000 	/System/Library/Frameworks/JavaVM.framework/Versions/A/Frameworks/JavaNativeFoundation.framework/Versions/A/JavaNativeFoundation
0x00007fff31c5b000 	/System/Library/Frameworks/JavaVM.framework/Versions/A/Frameworks/JavaRuntimeSupport.framework/Versions/A/JavaRuntimeSupport
0x00007fff31c64000 	/System/Library/Frameworks/JavaVM.framework/Versions/A/JavaVM
0x00007fff4872e000 	/System/Library/PrivateFrameworks/JavaLaunching.framework/Versions/A/JavaLaunching
0x00007fff2d1d1000 	/System/Library/Frameworks/Carbon.framework/Versions/A/Carbon
0x00007fff2d1d2000 	/System/Library/Frameworks/Carbon.framework/Versions/A/Frameworks/CommonPanels.framework/Versions/A/CommonPanels
0x00007fff2d4dc000 	/System/Library/Frameworks/Carbon.framework/Versions/A/Frameworks/Help.framework/Versions/A/Help
0x00007fff2d4e0000 	/System/Library/Frameworks/Carbon.framework/Versions/A/Frameworks/ImageCapture.framework/Versions/A/ImageCapture
0x00007fff2d57c000 	/System/Library/Frameworks/Carbon.framework/Versions/A/Frameworks/OpenScripting.framework/Versions/A/OpenScripting
0x00007fff2d5b7000 	/System/Library/Frameworks/Carbon.framework/Versions/A/Frameworks/Print.framework/Versions/A/Print
0x00007fff2d5b9000 	/System/Library/Frameworks/Carbon.framework/Versions/A/Frameworks/SecurityHI.framework/Versions/A/SecurityHI
0x000000012e6e4000 	/Library/Java/JavaVirtualMachines/jdk1.8.0_191.jdk/Contents/Home/jre/lib/libawt_lwawt.dylib
0x000000012e79e000 	/Library/Java/JavaVirtualMachines/jdk1.8.0_191.jdk/Contents/Home/jre/lib/./libosxapp.dylib
0x00007fff2ffd1000 	/System/Library/Frameworks/ExceptionHandling.framework/Versions/A/ExceptionHandling
0x00007fff419a4000 	/System/Library/PrivateFrameworks/CoreServicesInternal.framework/Versions/A/CoreServicesInternal
0x00007fff2644c000 	/System/Library/CoreServices/RawCamera.bundle/Contents/MacOS/RawCamera
0x00007fff496f3000 	/System/Library/PrivateFrameworks/MobileAsset.framework/Versions/A/MobileAsset
0x00007fff50b23000 	/System/Library/PrivateFrameworks/StreamingZip.framework/Versions/A/StreamingZip
0x00007fff31ff8000 	/System/Library/Frameworks/MediaToolbox.framework/Versions/A/MediaToolbox
0x00007fff40c9e000 	/System/Library/PrivateFrameworks/CoreAVCHD.framework/Versions/A/CoreAVCHD
0x00007fff31f41000 	/System/Library/Frameworks/MediaAccessibility.framework/Versions/A/MediaAccessibility
0x00007fff4916e000 	/System/Library/PrivateFrameworks/Mangrove.framework/Versions/A/Mangrove
0x00007fff2eec9000 	/System/Library/Frameworks/CoreMedia.framework/Versions/A/CoreMedia
0x00007fff3a6b6000 	/System/Library/Frameworks/VideoToolbox.framework/Versions/A/VideoToolbox
0x00007fff40895000 	/System/Library/PrivateFrameworks/CoreAUC.framework/Versions/A/CoreAUC
0x00007fff55745000 	/usr/lib/libspindump.dylib
0x00007fff3e3b1000 	/System/Library/PrivateFrameworks/AppleVA.framework/Versions/A/AppleVA
0x00007fff2a40f000 	/System/Library/Frameworks/Accelerate.framework/Versions/A/Frameworks/vImage.framework/Versions/A/Libraries/libCGInterfaces.dylib
0x00007fff2c636000 	/System/Library/Frameworks/ApplicationServices.framework/Versions/A/Frameworks/ATS.framework/Versions/A/Resources/libTrueTypeScaler.dylib
0x0000000130989000 	/System/Library/Extensions/AMDMTLBronzeDriver.bundle/Contents/MacOS/AMDMTLBronzeDriver
0x00007fff48176000 	/System/Library/PrivateFrameworks/IOAccelMemoryInfo.framework/Versions/A/IOAccelMemoryInfo
0x00007fff27e2f000 	/System/Library/Extensions/AppleIntelKBLGraphicsMTLDriver.bundle/Contents/MacOS/AppleIntelKBLGraphicsMTLDriver
0x00007fff45383000 	/System/Library/PrivateFrameworks/GPUCompiler.framework/Versions/3802/Libraries/libmetal_timestamp.dylib
0x00007fff43731000 	/System/Library/PrivateFrameworks/FamilyControls.framework/Versions/A/FamilyControls
0x00007fff40543000 	/System/Library/PrivateFrameworks/CommerceKit.framework/Versions/A/Frameworks/CommerceCore.framework/Versions/A/CommerceCore
0x00007fff5156b000 	/System/Library/PrivateFrameworks/SystemAdministration.framework/Versions/A/SystemAdministration
0x00007fff3e06f000 	/System/Library/PrivateFrameworks/AppContainer.framework/Versions/A/AppContainer
0x00007fff4ec1e000 	/System/Library/PrivateFrameworks/SecCodeWrapper.framework/Versions/A/SecCodeWrapper
0x00007fff426bd000 	/System/Library/PrivateFrameworks/DiskManagement.framework/Versions/A/DiskManagement
0x00007fff2fd45000 	/System/Library/Frameworks/DirectoryService.framework/Versions/A/DirectoryService
0x00007fff425ea000 	/System/Library/PrivateFrameworks/DiskImages.framework/Versions/A/DiskImages
0x00007fff48a5f000 	/System/Library/PrivateFrameworks/LoginUIKit.framework/Versions/A/Frameworks/LoginUICore.framework/Versions/A/LoginUICore
0x00007fff5375f000 	/usr/lib/libCoreStorage.dylib
0x00007fff545ca000 	/usr/lib/libcsfde.dylib
0x00007fff5560e000 	/usr/lib/libodfde.dylib
0x00007fff4928d000 	/System/Library/PrivateFrameworks/MediaKit.framework/Versions/A/MediaKit
0x00007fff2fd51000 	/System/Library/Frameworks/DiscRecording.framework/Versions/A/DiscRecording
0x00007fff42839000 	/System/Library/PrivateFrameworks/EFILogin.framework/Versions/A/EFILogin
0x00007fff4d1ce000 	/System/Library/PrivateFrameworks/ProtectedCloudStorage.framework/Versions/A/ProtectedCloudStorage
0x00007fff54657000 	/usr/lib/libcurl.4.dylib
0x00007fff5429e000 	/usr/lib/libcrypto.35.dylib
0x00007fff55936000 	/usr/lib/libssl.35.dylib
0x00007fff31c83000 	/System/Library/Frameworks/LDAP.framework/Versions/A/LDAP
0x00007fff51b91000 	/System/Library/PrivateFrameworks/TrustEvaluationAgent.framework/Versions/A/TrustEvaluationAgent
0x00007fff55732000 	/usr/lib/libsasl2.2.dylib
0x00007fff40ef6000 	/System/Library/PrivateFrameworks/CoreDaemon.framework/Versions/B/CoreDaemon
0x00007fff3e2b3000 	/System/Library/PrivateFrameworks/AppleSRP.framework/Versions/A/AppleSRP
0x00007fff3842e000 	/System/Library/Frameworks/OpenGL.framework/Versions/A/Resources/GLEngine.bundle/GLEngine
0x00007fff378fa000 	/System/Library/Frameworks/OpenGL.framework/Versions/A/Libraries/libGLProgrammability.dylib
0x0000000132041000 	/System/Library/Extensions/AppleIntelKBLGraphicsGLDriver.bundle/Contents/MacOS/AppleIntelKBLGraphicsGLDriver
0x00007fff469e3000 	/System/Library/PrivateFrameworks/GPUSupport.framework/Versions/A/Libraries/libGPUSupportMercury.dylib
0x00000001331fc000 	/System/Library/Extensions/AMDRadeonX4000GLDriver.bundle/Contents/MacOS/AMDRadeonX4000GLDriver
0x00007fff269e2000 	/System/Library/Extensions/AMDRadeonX4000GLDriver.bundle/Contents/MacOS/ATIRadeonX4000SCLib.dylib
0x00007fff385c6000 	/System/Library/Frameworks/OpenGL.framework/Versions/A/Resources/GLRendererFloat.bundle/GLRendererFloat
0x00007fff3668f000 	/System/Library/Frameworks/OpenCL.framework/Versions/A/Libraries/libcldcpuengine.dylib
0x000000013384d000 	/Library/Java/JavaVirtualMachines/jdk1.8.0_191.jdk/Contents/Home/jre/lib/libfontmanager.dylib
0x0000000134012000 	/Library/Java/JavaVirtualMachines/jdk1.8.0_191.jdk/Contents/Home/jre/lib/libosxui.dylib
0x00007fff52a1c000 	/System/Library/PrivateFrameworks/ViewBridge.framework/Versions/A/ViewBridge
0x00000001351c0000 	/Library/Java/JavaVirtualMachines/jdk1.8.0_191.jdk/Contents/Home/jre/lib/libnet.dylib
0x0000000134d2b000 	/Library/Java/JavaVirtualMachines/jdk1.8.0_191.jdk/Contents/Home/jre/lib/libnio.dylib

VM Arguments:
jvm_args: -Dfile.encoding=UTF-8 
java_command: bsh.util.AWTConsole
java_class_path (initial): /Users/nicolebarton/Documents/thriveapp-appium/bin:/Users/nicolebarton/Documents/hamcrest-core-2.1.jar:/Users/nicolebarton/.p2/pool/plugins/org.testng_6.14.2.r201802161450.jar:/Users/nicolebarton/.p2/pool/plugins/com.beust.jcommander_1.72.0.jar:/Users/nicolebarton/.p2/pool/plugins/org.apache-extras.beanshell.bsh_2.0.0.b6.jar:/Users/nicolebarton/.p2/pool/plugins/org.yaml.snakeyaml_1.17.0.jar:/Users/nicolebarton/Documents/junit-4.12.jar:/Users/nicolebarton/Documents/commons-lang3-3.8.1.jar:/Users/nicolebarton/Documents/selenium-java-3.14.0/libs/httpclient-4.5.5.jar:/Users/nicolebarton/Documents/selenium-java-3.14.0/libs/httpcore-4.4.9.jar:/Users/nicolebarton/Documents/selenium-java-3.141.59/libs/byte-buddy-1.8.15.jar:/Users/nicolebarton/Documents/selenium-java-3.141.59/libs/guava-25.0-jre.jar:/Users/nicolebarton/Documents/java-client-6.1.0.jar:/Users/nicolebarton/Documents/selenium-java-3.14.0/client-combined-3.14.0-sources.jar:/Users/nicolebarton/Documents/selenium-java-3.14.0/client-combined-3.14.0.jar:/Users/nicolebarton/Documents/selenium-java-3.14.0/libs/byte-buddy-1.8.15.jar:/Users/nicolebarton/Documents/selenium-java-3.14.0/libs/commons-codec-1.10.jar:/Users/nicolebarton/Documents/selenium-java-3.14.0/libs/commons-exec-1.3.jar:/Users/nicolebarton/Documents/selenium-java-3.14.0/libs/commons-logging-1.2.jar:/Users/nicolebarton/Documents/selenium-java-3.14.0/libs/guava-25.0-jre.jar:/Users/nicolebarton/Documents/selenium-java-3.14.0/libs/okhttp-3.10.0.jar:/Users/nicolebarton/Documents/selenium-java-3.14.0/libs/okio-1.14.1.jar
Launcher Type: SUN_STANDARD

Environment Variables:
PATH=/usr/bin:/bin:/usr/sbin:/sbin
SHELL=/bin/bash

Signal Handlers:
SIGSEGV: [libjvm.dylib+0x5b5de9], sa_mask[0]=11111111011111110111111111111111, sa_flags=SA_ONSTACK|SA_RESTART|SA_SIGINFO
SIGBUS: [libjvm.dylib+0x5b5de9], sa_mask[0]=11111111011111110111111111111111, sa_flags=SA_RESTART|SA_SIGINFO
SIGFPE: [libjvm.dylib+0x48b6b0], sa_mask[0]=11111111011111110111111111111111, sa_flags=SA_RESTART|SA_SIGINFO
SIGPIPE: [libjvm.dylib+0x48b6b0], sa_mask[0]=11111111011111110111111111111111, sa_flags=SA_RESTART|SA_SIGINFO
SIGXFSZ: [libjvm.dylib+0x48b6b0], sa_mask[0]=11111111011111110111111111111111, sa_flags=SA_RESTART|SA_SIGINFO
SIGILL: [libjvm.dylib+0x48b6b0], sa_mask[0]=11111111011111110111111111111111, sa_flags=SA_RESTART|SA_SIGINFO
SIGUSR1: SIG_DFL, sa_mask[0]=00000000000000000000000000000000, sa_flags=none
SIGUSR2: [libjvm.dylib+0x48b1ce], sa_mask[0]=00100000000000000000000000000000, sa_flags=SA_RESTART|SA_SIGINFO
SIGHUP: [libjvm.dylib+0x489759], sa_mask[0]=11111111011111110111111111111111, sa_flags=SA_RESTART|SA_SIGINFO
SIGINT: [libjvm.dylib+0x489759], sa_mask[0]=11111111011111110111111111111111, sa_flags=SA_RESTART|SA_SIGINFO
SIGTERM: [libjvm.dylib+0x489759], sa_mask[0]=11111111011111110111111111111111, sa_flags=SA_RESTART|SA_SIGINFO
SIGQUIT: [libjvm.dylib+0x489759], sa_mask[0]=11111111011111110111111111111111, sa_flags=SA_RESTART|SA_SIGINFO


---------------  S Y S T E M  ---------------

OS:Bsduname:Darwin 17.7.0 Darwin Kernel Version 17.7.0: Fri Nov  2 20:43:16 PDT 2018; root:xnu-4570.71.17~1/RELEASE_X86_64 x86_64
rlimit: STACK 8192k, CORE 0k, NPROC 1418, NOFILE 10240, AS infinity
load average:2.91 2.76 2.78

CPU:total 12 (initial active 12) (6 cores per cpu, 2 threads per core) family 6 model 158 stepping 10, cmov, cx8, fxsr, mmx, sse, sse2, sse3, ssse3, sse4.1, sse4.2, popcnt, avx, avx2, aes, clmul, erms, rtm, 3dnowpref, lzcnt, ht, tsc, tscinvbit, bmi1, bmi2, adx

Memory: 4k page, physical 16777216k(31724k free)

/proc/meminfo:


vm_info: Java HotSpot(TM) 64-Bit Server VM (25.191-b12) for bsd-amd64 JRE (1.8.0_191-b12), built on Oct  6 2018 08:37:07 by "java_re" with gcc 4.2.1 (Based on Apple Inc. build 5658) (LLVM build 2336.11.00)

time: Tue Mar  5 16:26:58 2019
elapsed time: 20464 seconds (0d 5h 41m 4s)

